
> api@1.0.0 test:coverage
> vitest run --coverage --config vitest.config.ts --reporter=json

{"numTotalTestSuites":72,"numPassedTestSuites":72,"numFailedTestSuites":0,"numPendingTestSuites":0,"numTotalTests":315,"numPassedTests":315,"numFailedTests":0,"numPendingTests":0,"numTodoTests":0,"snapshot":{"added":0,"failure":false,"filesAdded":0,"filesRemoved":0,"filesRemovedList":[],"filesUnmatched":0,"filesUpdated":0,"matched":0,"total":0,"unchecked":0,"uncheckedKeysByFile":[],"unmatched":0,"updated":0,"didUpdate":false},"startTime":1777557625962,"success":true,"testResults":[{"assertionResults":[{"ancestorTitles":["authMiddleware"],"fullName":"authMiddleware should return 401 if Authorization header is missing","status":"passed","title":"should return 401 if Authorization header is missing","duration":12.727875000000012,"failureMessages":[],"meta":{}},{"ancestorTitles":["authMiddleware"],"fullName":"authMiddleware should return 401 if Authorization header doesn't start with Bearer","status":"passed","title":"should return 401 if Authorization header doesn't start with Bearer","duration":0.5269169999999974,"failureMessages":[],"meta":{}},{"ancestorTitles":["authMiddleware"],"fullName":"authMiddleware should return 401 if token is invalid","status":"passed","title":"should return 401 if token is invalid","duration":0.36008300000000304,"failureMessages":[],"meta":{}},{"ancestorTitles":["authMiddleware"],"fullName":"authMiddleware should call next and set user if token is valid","status":"passed","title":"should call next and set user if token is valid","duration":0.7457080000000076,"failureMessages":[],"meta":{}}],"startTime":1777557628234,"endTime":1777557628248.7456,"status":"passed","message":"","name":"/Users/hirokimukai/Cloudprojects/OpenShelf/apps/api/src/middleware/__tests__/auth.test.ts"},{"assertionResults":[{"ancestorTitles":["auth routes"],"fullName":"auth routes GET /api/auth/github uses request Origin over frontend_origin query when both are present","status":"passed","title":"GET /api/auth/github uses request Origin over frontend_origin query when both are present","duration":373.90425,"failureMessages":[],"meta":{}},{"ancestorTitles":["auth routes"],"fullName":"auth routes GET /api/auth/github falls back to query origin when request Origin is missing","status":"passed","title":"GET /api/auth/github falls back to query origin when request Origin is missing","duration":24.792666000000054,"failureMessages":[],"meta":{}},{"ancestorTitles":["auth routes"],"fullName":"auth routes GET /api/auth/github/callback returns 400 when state does not exist in D1","status":"passed","title":"GET /api/auth/github/callback returns 400 when state does not exist in D1","duration":33.26262499999996,"failureMessages":[],"meta":{}},{"ancestorTitles":["auth routes"],"fullName":"auth routes GET /api/auth/github/callback returns 400 when state parameter is missing","status":"passed","title":"GET /api/auth/github/callback returns 400 when state parameter is missing","duration":29.72437500000001,"failureMessages":[],"meta":{}},{"ancestorTitles":["auth routes"],"fullName":"auth routes GET /api/auth/github/callback returns 400 when OAuth flow cookie is missing","status":"passed","title":"GET /api/auth/github/callback returns 400 when OAuth flow cookie is missing","duration":34.249041000000034,"failureMessages":[],"meta":{}},{"ancestorTitles":["auth routes"],"fullName":"auth routes GET /api/auth/github/callback returns 400 when state is expired","status":"passed","title":"GET /api/auth/github/callback returns 400 when state is expired","duration":55.524,"failureMessages":[],"meta":{}},{"ancestorTitles":["auth routes"],"fullName":"auth routes GET /api/auth/github/callback returns 400 when code is missing","status":"passed","title":"GET /api/auth/github/callback returns 400 when code is missing","duration":23.669291999999928,"failureMessages":[],"meta":{}},{"ancestorTitles":["auth routes"],"fullName":"auth routes GET /api/auth/github/callback returns frontend redirect with JWT for valid state","status":"passed","title":"GET /api/auth/github/callback returns frontend redirect with JWT for valid state","duration":15.992542000000071,"failureMessages":[],"meta":{}},{"ancestorTitles":["auth routes"],"fullName":"auth routes GET /api/auth/github/callback returns the origin captured from the login request","status":"passed","title":"GET /api/auth/github/callback returns the origin captured from the login request","duration":16.462458000000083,"failureMessages":[],"meta":{}},{"ancestorTitles":["auth routes"],"fullName":"auth routes GET /api/auth/github/callback falls back to FRONTEND_URL when oauth_flow_origin is not allowlisted","status":"passed","title":"GET /api/auth/github/callback falls back to FRONTEND_URL when oauth_flow_origin is not allowlisted","duration":23.748583000000053,"failureMessages":[],"meta":{}},{"ancestorTitles":["auth routes"],"fullName":"auth routes GET /api/auth/github/callback returns 502 when OAuth token exchange fails","status":"passed","title":"GET /api/auth/github/callback returns 502 when OAuth token exchange fails","duration":24.82579199999998,"failureMessages":[],"meta":{}},{"ancestorTitles":["auth routes"],"fullName":"auth routes GET /api/auth/github/callback returns 400 when GitHub does not return an access token","status":"passed","title":"GET /api/auth/github/callback returns 400 when GitHub does not return an access token","duration":24.395209000000023,"failureMessages":[],"meta":{}},{"ancestorTitles":["auth routes"],"fullName":"auth routes GET /api/auth/github/callback returns 502 when fetching the GitHub user fails","status":"passed","title":"GET /api/auth/github/callback returns 502 when fetching the GitHub user fails","duration":27.486165999999912,"failureMessages":[],"meta":{}},{"ancestorTitles":["auth routes"],"fullName":"auth routes GET /api/auth/github/callback returns 502 for invalid GitHub user payloads","status":"passed","title":"GET /api/auth/github/callback returns 502 for invalid GitHub user payloads","duration":37.418458999999984,"failureMessages":[],"meta":{}},{"ancestorTitles":["auth routes"],"fullName":"auth routes GET /api/auth/github/callback returns 500 when FRONTEND_URL is missing","status":"passed","title":"GET /api/auth/github/callback returns 500 when FRONTEND_URL is missing","duration":27.726834000000053,"failureMessages":[],"meta":{}},{"ancestorTitles":["auth routes"],"fullName":"auth routes GET /api/auth/github/callback rejects replayed state on second use","status":"passed","title":"GET /api/auth/github/callback rejects replayed state on second use","duration":34.36870900000008,"failureMessages":[],"meta":{}},{"ancestorTitles":["auth routes"],"fullName":"auth routes GET /api/auth/me returns 200 for valid Bearer token","status":"passed","title":"GET /api/auth/me returns 200 for valid Bearer token","duration":39.50958300000002,"failureMessages":[],"meta":{}},{"ancestorTitles":["auth routes"],"fullName":"auth routes GET /api/auth/me returns 404 when the user does not exist","status":"passed","title":"GET /api/auth/me returns 404 when the user does not exist","duration":37.143375000000106,"failureMessages":[],"meta":{}},{"ancestorTitles":["auth routes"],"fullName":"auth routes GET /api/auth/me returns 401 when token is missing","status":"passed","title":"GET /api/auth/me returns 401 when token is missing","duration":38.877917000000025,"failureMessages":[],"meta":{}},{"ancestorTitles":["auth routes"],"fullName":"auth routes GET /api/auth/me returns 401 when token is invalid","status":"passed","title":"GET /api/auth/me returns 401 when token is invalid","duration":32.65037499999994,"failureMessages":[],"meta":{}},{"ancestorTitles":["auth routes"],"fullName":"auth routes GET /api/auth/me returns 401 when token is expired","status":"passed","title":"GET /api/auth/me returns 401 when token is expired","duration":41.49133299999994,"failureMessages":[],"meta":{}},{"ancestorTitles":["auth routes"],"fullName":"auth routes POST /api/auth/logout returns ok","status":"passed","title":"POST /api/auth/logout returns ok","duration":32.80208300000004,"failureMessages":[],"meta":{}},{"ancestorTitles":["auth routes"],"fullName":"auth routes POST /api/test-auth/test-token returns 404 when test auth is disabled","status":"passed","title":"POST /api/test-auth/test-token returns 404 when test auth is disabled","duration":28.225583000000142,"failureMessages":[],"meta":{}},{"ancestorTitles":["auth routes"],"fullName":"auth routes POST /api/test-auth/test-token validates the shared secret and request body","status":"passed","title":"POST /api/test-auth/test-token validates the shared secret and request body","duration":31.518833000000086,"failureMessages":[],"meta":{}},{"ancestorTitles":["auth routes"],"fullName":"auth routes POST /api/test-auth/test-token upserts the user and returns a signed JWT","status":"passed","title":"POST /api/test-auth/test-token upserts the user and returns a signed JWT","duration":29.582042,"failureMessages":[],"meta":{}},{"ancestorTitles":["auth routes"],"fullName":"auth routes POST /api/test-auth/test-token returns 500 if user persistence fails","status":"passed","title":"POST /api/test-auth/test-token returns 500 if user persistence fails","duration":33.758125000000064,"failureMessages":[],"meta":{}},{"ancestorTitles":["auth routes"],"fullName":"auth routes GET /api/auth/github/callback uses login as name if GitHub name is missing","status":"passed","title":"GET /api/auth/github/callback uses login as name if GitHub name is missing","duration":29.81600000000003,"failureMessages":[],"meta":{}},{"ancestorTitles":["auth routes"],"fullName":"auth routes POST /api/test-auth/test-org returns 404 or 401 based on configuration","status":"passed","title":"POST /api/test-auth/test-org returns 404 or 401 based on configuration","duration":42.61087499999985,"failureMessages":[],"meta":{}},{"ancestorTitles":["auth routes"],"fullName":"auth routes POST /api/test-auth/test-org validates auth and creates membership records","status":"passed","title":"POST /api/test-auth/test-org validates auth and creates membership records","duration":29.335833000000093,"failureMessages":[],"meta":{}}],"startTime":1777557626303,"endTime":1777557627558.336,"status":"passed","message":"","name":"/Users/hirokimukai/Cloudprojects/OpenShelf/apps/api/src/routes/__tests__/auth.test.ts"},{"assertionResults":[{"ancestorTitles":["badge routes"],"fullName":"badge routes GET /badge/:paperId returns SVG badge for public papers","status":"passed","title":"GET /badge/:paperId returns SVG badge for public papers","duration":248.32120799999998,"failureMessages":[],"meta":{}},{"ancestorTitles":["badge routes"],"fullName":"badge routes GET /badge/:paperId?style=compact returns compact message","status":"passed","title":"GET /badge/:paperId?style=compact returns compact message","duration":35.203625000000045,"failureMessages":[],"meta":{}},{"ancestorTitles":["badge routes"],"fullName":"badge routes GET /badge/:paperId returns escaped SVG for XSS-like title","status":"passed","title":"GET /badge/:paperId returns escaped SVG for XSS-like title","duration":27.77279100000004,"failureMessages":[],"meta":{}},{"ancestorTitles":["badge routes"],"fullName":"badge routes GET /badge/:paperId returns 404 not-found SVG for private/not found papers","status":"passed","title":"GET /badge/:paperId returns 404 not-found SVG for private/not found papers","duration":35.409542000000044,"failureMessages":[],"meta":{}},{"ancestorTitles":["badge routes"],"fullName":"badge routes GET /badge/api/:paperId returns shields endpoint JSON","status":"passed","title":"GET /badge/api/:paperId returns shields endpoint JSON","duration":32.31079199999999,"failureMessages":[],"meta":{}},{"ancestorTitles":["badge routes"],"fullName":"badge routes returns 304 for weak If-None-Match values","status":"passed","title":"returns 304 for weak If-None-Match values","duration":45.36866699999996,"failureMessages":[],"meta":{}},{"ancestorTitles":["badge routes"],"fullName":"badge routes returns 304 when If-None-Match includes multiple values","status":"passed","title":"returns 304 when If-None-Match includes multiple values","duration":30.524583000000007,"failureMessages":[],"meta":{}},{"ancestorTitles":["badge routes"],"fullName":"badge routes returns 304 when If-None-Match matches ETag","status":"passed","title":"returns 304 when If-None-Match matches ETag","duration":31.265582999999992,"failureMessages":[],"meta":{}}],"startTime":1777557627100,"endTime":1777557627587.2656,"status":"passed","message":"","name":"/Users/hirokimukai/Cloudprojects/OpenShelf/apps/api/src/routes/__tests__/badge.test.ts"},{"assertionResults":[{"ancestorTitles":["collections routes"],"fullName":"collections routes POST /api/collections requires auth","status":"passed","title":"POST /api/collections requires auth","duration":375.600208,"failureMessages":[],"meta":{}},{"ancestorTitles":["collections routes"],"fullName":"collections routes POST /api/collections returns 400 for invalid JSON body","status":"passed","title":"POST /api/collections returns 400 for invalid JSON body","duration":26.02841699999999,"failureMessages":[],"meta":{}},{"ancestorTitles":["collections routes"],"fullName":"collections routes GET /api/collections/:id returns 404 when not found","status":"passed","title":"GET /api/collections/:id returns 404 when not found","duration":30.163334000000077,"failureMessages":[],"meta":{}},{"ancestorTitles":["collections routes"],"fullName":"collections routes GET /api/users/:id/collections returns list","status":"passed","title":"GET /api/users/:id/collections returns list","duration":32.94745799999998,"failureMessages":[],"meta":{}},{"ancestorTitles":["collections routes"],"fullName":"collections routes POST /api/collections creates a user collection","status":"passed","title":"POST /api/collections creates a user collection","duration":35.73166600000002,"failureMessages":[],"meta":{}},{"ancestorTitles":["collections routes"],"fullName":"collections routes POST /api/collections returns 403 when requester cannot manage org collections","status":"passed","title":"POST /api/collections returns 403 when requester cannot manage org collections","duration":57.52570800000001,"failureMessages":[],"meta":{}},{"ancestorTitles":["collections routes"],"fullName":"collections routes GET /api/collections/:id hides private collections from anonymous users","status":"passed","title":"GET /api/collections/:id hides private collections from anonymous users","duration":19.60008300000004,"failureMessages":[],"meta":{}},{"ancestorTitles":["collections routes"],"fullName":"collections routes GET /api/collections/:id returns a private collection to its owner","status":"passed","title":"GET /api/collections/:id returns a private collection to its owner","duration":13.560540999999944,"failureMessages":[],"meta":{}},{"ancestorTitles":["collections routes"],"fullName":"collections routes PATCH /api/collections/:id updates collection details for the owner","status":"passed","title":"PATCH /api/collections/:id updates collection details for the owner","duration":16.65433299999995,"failureMessages":[],"meta":{}},{"ancestorTitles":["collections routes"],"fullName":"collections routes PATCH /api/collections/:id rejects requests without updatable fields","status":"passed","title":"PATCH /api/collections/:id rejects requests without updatable fields","duration":25.86479099999997,"failureMessages":[],"meta":{}},{"ancestorTitles":["collections routes"],"fullName":"collections routes DELETE /api/collections/:id deletes a collection for the owner","status":"passed","title":"DELETE /api/collections/:id deletes a collection for the owner","duration":21.881915999999933,"failureMessages":[],"meta":{}},{"ancestorTitles":["collections routes"],"fullName":"collections routes GET /api/orgs/:slug/collections returns admin-visible collections","status":"passed","title":"GET /api/orgs/:slug/collections returns admin-visible collections","duration":24.876958999999943,"failureMessages":[],"meta":{}},{"ancestorTitles":["collections routes"],"fullName":"collections routes GET /api/orgs/:slug/collections hides private org collections from non-admin members","status":"passed","title":"GET /api/orgs/:slug/collections hides private org collections from non-admin members","duration":30.607458000000065,"failureMessages":[],"meta":{}},{"ancestorTitles":["collections routes"],"fullName":"collections routes POST /api/collections/:id/papers rejects invalid JSON","status":"passed","title":"POST /api/collections/:id/papers rejects invalid JSON","duration":39.896790999999894,"failureMessages":[],"meta":{}},{"ancestorTitles":["collections routes"],"fullName":"collections routes POST /api/collections/:id/papers adds a visible paper with the next sort order","status":"passed","title":"POST /api/collections/:id/papers adds a visible paper with the next sort order","duration":25.30662499999994,"failureMessages":[],"meta":{}},{"ancestorTitles":["collections routes"],"fullName":"collections routes POST /api/collections/:id/papers adds a paper the manager can view via org membership","status":"passed","title":"POST /api/collections/:id/papers adds a paper the manager can view via org membership","duration":34.65187500000002,"failureMessages":[],"meta":{}},{"ancestorTitles":["collections routes"],"fullName":"collections routes POST /api/collections/:id/papers adds a public paper without specific membership","status":"passed","title":"POST /api/collections/:id/papers adds a public paper without specific membership","duration":34.62304199999994,"failureMessages":[],"meta":{}},{"ancestorTitles":["collections routes"],"fullName":"collections routes POST /api/collections/:id/papers rejects papers the manager cannot view","status":"passed","title":"POST /api/collections/:id/papers rejects papers the manager cannot view","duration":39.96395800000005,"failureMessages":[],"meta":{}},{"ancestorTitles":["collections routes"],"fullName":"collections routes PATCH /api/collections/:id/papers rejects invalid JSON body","status":"passed","title":"PATCH /api/collections/:id/papers rejects invalid JSON body","duration":41.5201669999999,"failureMessages":[],"meta":{}},{"ancestorTitles":["collections routes"],"fullName":"collections routes PATCH /api/collections/:id/papers rejects duplicate paper IDs","status":"passed","title":"PATCH /api/collections/:id/papers rejects duplicate paper IDs","duration":35.45575000000008,"failureMessages":[],"meta":{}},{"ancestorTitles":["collections routes"],"fullName":"collections routes PATCH /api/collections/:id/papers requires every existing paper to be included","status":"passed","title":"PATCH /api/collections/:id/papers requires every existing paper to be included","duration":40.37695799999983,"failureMessages":[],"meta":{}},{"ancestorTitles":["collections routes"],"fullName":"collections routes DELETE /api/collections/:id/papers/:paperId returns 404 when the paper is not in the collection","status":"passed","title":"DELETE /api/collections/:id/papers/:paperId returns 404 when the paper is not in the collection","duration":32.54754099999991,"failureMessages":[],"meta":{}},{"ancestorTitles":["collections routes"],"fullName":"collections routes GET /api/collections/:id/papers filters restricted papers by authorship and org access","status":"passed","title":"GET /api/collections/:id/papers filters restricted papers by authorship and org access","duration":38.255375000000186,"failureMessages":[],"meta":{}},{"ancestorTitles":["collections routes"],"fullName":"collections routes POST /api/collections/:id/papers returns 409 when paper is already in collection","status":"passed","title":"POST /api/collections/:id/papers returns 409 when paper is already in collection","duration":25.254791999999952,"failureMessages":[],"meta":{}}],"startTime":1777557626302,"endTime":1777557627401.255,"status":"passed","message":"","name":"/Users/hirokimukai/Cloudprojects/OpenShelf/apps/api/src/routes/__tests__/collections.test.ts"},{"assertionResults":[{"ancestorTitles":["CORS configuration"],"fullName":"CORS configuration uses FRONTEND_URL as fallback when ALLOWED_ORIGINS is not set","status":"passed","title":"uses FRONTEND_URL as fallback when ALLOWED_ORIGINS is not set","duration":156.995083,"failureMessages":[],"meta":{}},{"ancestorTitles":["CORS configuration"],"fullName":"CORS configuration allows only origins listed in ALLOWED_ORIGINS","status":"passed","title":"allows only origins listed in ALLOWED_ORIGINS","duration":30.632875000000013,"failureMessages":[],"meta":{}},{"ancestorTitles":["CORS configuration"],"fullName":"CORS configuration blocks origins not listed in ALLOWED_ORIGINS","status":"passed","title":"blocks origins not listed in ALLOWED_ORIGINS","duration":49.00179099999997,"failureMessages":[],"meta":{}},{"ancestorTitles":["CORS configuration"],"fullName":"CORS configuration handles OPTIONS preflight with FRONTEND_URL fallback","status":"passed","title":"handles OPTIONS preflight with FRONTEND_URL fallback","duration":40.73087499999997,"failureMessages":[],"meta":{}},{"ancestorTitles":["CORS configuration"],"fullName":"CORS configuration handles OPTIONS preflight for allowed origins in ALLOWED_ORIGINS","status":"passed","title":"handles OPTIONS preflight for allowed origins in ALLOWED_ORIGINS","duration":30.85804200000001,"failureMessages":[],"meta":{}},{"ancestorTitles":["CORS configuration"],"fullName":"CORS configuration blocks OPTIONS preflight for origins not listed in ALLOWED_ORIGINS","status":"passed","title":"blocks OPTIONS preflight for origins not listed in ALLOWED_ORIGINS","duration":39.486541999999986,"failureMessages":[],"meta":{}}],"startTime":1777557627754,"endTime":1777557628101.4866,"status":"passed","message":"","name":"/Users/hirokimukai/Cloudprojects/OpenShelf/apps/api/src/routes/__tests__/cors.test.ts"},{"assertionResults":[{"ancestorTitles":["CSRF configuration catch blocks"],"fullName":"CSRF configuration catch blocks logs sanitized Error object when CSRF check throws an Error","status":"passed","title":"logs sanitized Error object when CSRF check throws an Error","duration":268.163,"failureMessages":[],"meta":{}},{"ancestorTitles":["CSRF configuration catch blocks"],"fullName":"CSRF configuration catch blocks logs sanitized string when CSRF check throws a non-Error","status":"passed","title":"logs sanitized string when CSRF check throws a non-Error","duration":33.34299999999996,"failureMessages":[],"meta":{}}],"startTime":1777557627177,"endTime":1777557627478.343,"status":"passed","message":"","name":"/Users/hirokimukai/Cloudprojects/OpenShelf/apps/api/src/routes/__tests__/csrf-catch.test.ts"},{"assertionResults":[{"ancestorTitles":["CSRF configuration"],"fullName":"CSRF configuration bypasses CSRF if test auth is properly configured and matches","status":"passed","title":"bypasses CSRF if test auth is properly configured and matches","duration":371.28975,"failureMessages":[],"meta":{}},{"ancestorTitles":["CSRF configuration"],"fullName":"CSRF configuration blocks CSRF if test auth secret is wrong","status":"passed","title":"blocks CSRF if test auth secret is wrong","duration":2.1747089999999503,"failureMessages":[],"meta":{}},{"ancestorTitles":["CSRF configuration"],"fullName":"CSRF configuration blocks CSRF if ENABLE_TEST_AUTH is false","status":"passed","title":"blocks CSRF if ENABLE_TEST_AUTH is false","duration":0.8356249999999932,"failureMessages":[],"meta":{}},{"ancestorTitles":["CSRF configuration"],"fullName":"CSRF configuration blocks CSRF if x-test-auth-secret is present but not configured","status":"passed","title":"blocks CSRF if x-test-auth-secret is present but not configured","duration":0.6557500000000118,"failureMessages":[],"meta":{}},{"ancestorTitles":["CSRF configuration"],"fullName":"CSRF configuration logs sanitized error if CSRF try block throws","status":"passed","title":"logs sanitized error if CSRF try block throws","duration":3.1672499999999673,"failureMessages":[],"meta":{}}],"startTime":1777557627930,"endTime":1777557628308.1672,"status":"passed","message":"","name":"/Users/hirokimukai/Cloudprojects/OpenShelf/apps/api/src/routes/__tests__/csrf.test.ts"},{"assertionResults":[{"ancestorTitles":["feed routes"],"fullName":"feed routes GET /feed/orgs/:slug/atom.xml returns atom xml for public org papers","status":"passed","title":"GET /feed/orgs/:slug/atom.xml returns atom xml for public org papers","duration":371.67433299999993,"failureMessages":[],"meta":{}},{"ancestorTitles":["feed routes"],"fullName":"feed routes GET /feed/orgs/:slug/atom.xml returns 404 when org is missing","status":"passed","title":"GET /feed/orgs/:slug/atom.xml returns 404 when org is missing","duration":28.764791999999943,"failureMessages":[],"meta":{}},{"ancestorTitles":["feed routes"],"fullName":"feed routes GET /feed/orgs/:slug/atom.xml returns valid xml for empty org feeds","status":"passed","title":"GET /feed/orgs/:slug/atom.xml returns valid xml for empty org feeds","duration":28.75487499999997,"failureMessages":[],"meta":{}},{"ancestorTitles":["feed routes"],"fullName":"feed routes GET /feed/orgs/:slug/atom.xml returns 400 for invalid slug","status":"passed","title":"GET /feed/orgs/:slug/atom.xml returns 400 for invalid slug","duration":34.35316599999999,"failureMessages":[],"meta":{}},{"ancestorTitles":["feed routes"],"fullName":"feed routes GET /feed/orgs/:slug/atom.xml filters papers by tag","status":"passed","title":"GET /feed/orgs/:slug/atom.xml filters papers by tag","duration":42.200417000000016,"failureMessages":[],"meta":{}},{"ancestorTitles":["feed routes"],"fullName":"feed routes GET /feed/users/:id/atom.xml returns atom xml for public user papers","status":"passed","title":"GET /feed/users/:id/atom.xml returns atom xml for public user papers","duration":56.77258299999994,"failureMessages":[],"meta":{}},{"ancestorTitles":["feed routes"],"fullName":"feed routes GET /feed/users/:id/atom.xml de-duplicates repeated paper rows","status":"passed","title":"GET /feed/users/:id/atom.xml de-duplicates repeated paper rows","duration":30.963250000000016,"failureMessages":[],"meta":{}},{"ancestorTitles":["feed routes"],"fullName":"feed routes GET /feed/users/:id/atom.xml filters papers by tag","status":"passed","title":"GET /feed/users/:id/atom.xml filters papers by tag","duration":23.555499999999938,"failureMessages":[],"meta":{}},{"ancestorTitles":["feed routes"],"fullName":"feed routes GET /feed/orgs/:slug/collections/:cSlug/atom.xml returns atom xml for public collection papers","status":"passed","title":"GET /feed/orgs/:slug/collections/:cSlug/atom.xml returns atom xml for public collection papers","duration":23.05879200000004,"failureMessages":[],"meta":{}},{"ancestorTitles":["feed routes"],"fullName":"feed routes GET /feed/users/:id/collections/:cSlug/atom.xml returns atom xml for public collection papers","status":"passed","title":"GET /feed/users/:id/collections/:cSlug/atom.xml returns atom xml for public collection papers","duration":25.666832999999997,"failureMessages":[],"meta":{}},{"ancestorTitles":["feed routes"],"fullName":"feed routes GET /feed/org/:slug/collection/:collectionSlug returns atom xml for public collection papers","status":"passed","title":"GET /feed/org/:slug/collection/:collectionSlug returns atom xml for public collection papers","duration":30.896292000000017,"failureMessages":[],"meta":{}},{"ancestorTitles":["feed routes"],"fullName":"feed routes GET /feed/user/:id/collection/:collectionSlug returns atom xml for public collection papers","status":"passed","title":"GET /feed/user/:id/collection/:collectionSlug returns atom xml for public collection papers","duration":27.022500000000036,"failureMessages":[],"meta":{}},{"ancestorTitles":["feed routes"],"fullName":"feed routes GET /feed/orgs/:slug/collections/:cSlug/atom.xml returns 400 for invalid slug","status":"passed","title":"GET /feed/orgs/:slug/collections/:cSlug/atom.xml returns 400 for invalid slug","duration":34.76216599999998,"failureMessages":[],"meta":{}},{"ancestorTitles":["feed routes"],"fullName":"feed routes GET /feed/users/:id/collections/:cSlug/atom.xml returns 400 for invalid slug","status":"passed","title":"GET /feed/users/:id/collections/:cSlug/atom.xml returns 400 for invalid slug","duration":27.42991600000005,"failureMessages":[],"meta":{}}],"startTime":1777557626304,"endTime":1777557627089.43,"status":"passed","message":"","name":"/Users/hirokimukai/Cloudprojects/OpenShelf/apps/api/src/routes/__tests__/feed.test.ts"},{"assertionResults":[{"ancestorTitles":["invites routes"],"fullName":"invites routes POST /api/papers/:id/invites sends coauthor invite","status":"passed","title":"POST /api/papers/:id/invites sends coauthor invite","duration":266.369125,"failureMessages":[],"meta":{}},{"ancestorTitles":["invites routes"],"fullName":"invites routes GET /api/invites/received returns invites","status":"passed","title":"GET /api/invites/received returns invites","duration":36.956541000000016,"failureMessages":[],"meta":{}},{"ancestorTitles":["invites routes"],"fullName":"invites routes PUT /api/invites/:id accepts invite","status":"passed","title":"PUT /api/invites/:id accepts invite","duration":42.81899999999996,"failureMessages":[],"meta":{}},{"ancestorTitles":["invites routes"],"fullName":"invites routes PUT /api/invites/:id declines invite","status":"passed","title":"PUT /api/invites/:id declines invite","duration":37.12441699999994,"failureMessages":[],"meta":{}},{"ancestorTitles":["invites routes"],"fullName":"invites routes POST /api/papers/:id/invites returns 400 when inviting self","status":"passed","title":"POST /api/papers/:id/invites returns 400 when inviting self","duration":86.136708,"failureMessages":[],"meta":{}}],"startTime":1777557627277,"endTime":1777557627747.1367,"status":"passed","message":"","name":"/Users/hirokimukai/Cloudprojects/OpenShelf/apps/api/src/routes/__tests__/invites.test.ts"},{"assertionResults":[{"ancestorTitles":["orgs routes","POST /api/orgs"],"fullName":"orgs routes POST /api/orgs returns 409 for UNIQUE constraint violation race condition","status":"passed","title":"returns 409 for UNIQUE constraint violation race condition","duration":368.8976660000001,"failureMessages":[],"meta":{}},{"ancestorTitles":["orgs routes","POST /api/orgs"],"fullName":"orgs routes POST /api/orgs creates org and returns 201","status":"passed","title":"creates org and returns 201","duration":29.570375000000013,"failureMessages":[],"meta":{}},{"ancestorTitles":["orgs routes","POST /api/orgs"],"fullName":"orgs routes POST /api/orgs returns 400 for invalid JSON body","status":"passed","title":"returns 400 for invalid JSON body","duration":34.520875000000046,"failureMessages":[],"meta":{}},{"ancestorTitles":["orgs routes","POST /api/orgs"],"fullName":"orgs routes POST /api/orgs returns 400 for invalid slug","status":"passed","title":"returns 400 for invalid slug","duration":32.192042000000015,"failureMessages":[],"meta":{}},{"ancestorTitles":["orgs routes","POST /api/orgs"],"fullName":"orgs routes POST /api/orgs returns 409 for duplicate slug","status":"passed","title":"returns 409 for duplicate slug","duration":44.92425000000003,"failureMessages":[],"meta":{}},{"ancestorTitles":["orgs routes","POST /api/orgs"],"fullName":"orgs routes POST /api/orgs returns 400 for missing name","status":"passed","title":"returns 400 for missing name","duration":48.811874999999986,"failureMessages":[],"meta":{}},{"ancestorTitles":["orgs routes","POST /api/orgs"],"fullName":"orgs routes POST /api/orgs returns 400 for invalid JSON bodies","status":"passed","title":"returns 400 for invalid JSON bodies","duration":17.270167000000015,"failureMessages":[],"meta":{}},{"ancestorTitles":["orgs routes","GET /api/orgs/:slug"],"fullName":"orgs routes GET /api/orgs/:slug returns org detail","status":"passed","title":"returns org detail","duration":15.818167000000017,"failureMessages":[],"meta":{}},{"ancestorTitles":["orgs routes","GET /api/orgs/:slug"],"fullName":"orgs routes GET /api/orgs/:slug returns 404 for non-existent org","status":"passed","title":"returns 404 for non-existent org","duration":18.120791999999938,"failureMessages":[],"meta":{}},{"ancestorTitles":["orgs routes","PATCH /api/orgs/:slug"],"fullName":"orgs routes PATCH /api/orgs/:slug updates the org for admins","status":"passed","title":"updates the org for admins","duration":22.782167000000072,"failureMessages":[],"meta":{}},{"ancestorTitles":["orgs routes","PATCH /api/orgs/:slug"],"fullName":"orgs routes PATCH /api/orgs/:slug returns 400 for invalid JSON bodies","status":"passed","title":"returns 400 for invalid JSON bodies","duration":23.923541,"failureMessages":[],"meta":{}},{"ancestorTitles":["orgs routes","DELETE /api/orgs/:slug"],"fullName":"orgs routes DELETE /api/orgs/:slug returns 403 if not admin","status":"passed","title":"returns 403 if not admin","duration":29.497333000000026,"failureMessages":[],"meta":{}},{"ancestorTitles":["orgs routes","DELETE /api/orgs/:slug"],"fullName":"orgs routes DELETE /api/orgs/:slug deletes the org for admins","status":"passed","title":"deletes the org for admins","duration":29.994249999999965,"failureMessages":[],"meta":{}},{"ancestorTitles":["orgs routes","POST /api/orgs/:slug/members"],"fullName":"orgs routes POST /api/orgs/:slug/members returns 403 without auth (CSRF blocks before auth middleware)","status":"passed","title":"returns 403 without auth (CSRF blocks before auth middleware)","duration":36.85104200000001,"failureMessages":[],"meta":{}},{"ancestorTitles":["orgs routes","POST /api/orgs/:slug/members"],"fullName":"orgs routes POST /api/orgs/:slug/members returns 409 when the user is already a member","status":"passed","title":"returns 409 when the user is already a member","duration":28.13154200000008,"failureMessages":[],"meta":{}},{"ancestorTitles":["orgs routes","PATCH /api/orgs/:slug/members/:userId"],"fullName":"orgs routes PATCH /api/orgs/:slug/members/:userId returns 200 when an owner modifies another owner role","status":"passed","title":"returns 200 when an owner modifies another owner role","duration":36.08883400000013,"failureMessages":[],"meta":{}},{"ancestorTitles":["orgs routes","PATCH /api/orgs/:slug/members/:userId"],"fullName":"orgs routes PATCH /api/orgs/:slug/members/:userId returns 403 when an admin tries to modify an owner's role","status":"passed","title":"returns 403 when an admin tries to modify an owner's role","duration":36.63654100000008,"failureMessages":[],"meta":{}},{"ancestorTitles":["orgs routes","PATCH /api/orgs/:slug/members/:userId"],"fullName":"orgs routes PATCH /api/orgs/:slug/members/:userId returns 400 for invalid role","status":"passed","title":"returns 400 for invalid role","duration":33.47966599999995,"failureMessages":[],"meta":{}},{"ancestorTitles":["orgs routes","GET /api/orgs/:slug/members"],"fullName":"orgs routes GET /api/orgs/:slug/members returns 404 when org does not exist","status":"passed","title":"returns 404 when org does not exist","duration":41.578500000000076,"failureMessages":[],"meta":{}},{"ancestorTitles":["orgs routes","GET /api/orgs/:slug/members"],"fullName":"orgs routes GET /api/orgs/:slug/members returns members for an existing org","status":"passed","title":"returns members for an existing org","duration":36.191082999999935,"failureMessages":[],"meta":{}},{"ancestorTitles":["orgs routes","POST /api/orgs/:slug/papers"],"fullName":"orgs routes POST /api/orgs/:slug/papers returns 403 without auth (CSRF blocks before auth middleware)","status":"passed","title":"returns 403 without auth (CSRF blocks before auth middleware)","duration":36.550666999999976,"failureMessages":[],"meta":{}},{"ancestorTitles":["orgs routes","POST /api/orgs/:slug/papers"],"fullName":"orgs routes POST /api/orgs/:slug/papers allows paper authors to associate papers without admin membership","status":"passed","title":"allows paper authors to associate papers without admin membership","duration":28.39424999999983,"failureMessages":[],"meta":{}},{"ancestorTitles":["orgs routes","POST /api/orgs/:slug/papers"],"fullName":"orgs routes POST /api/orgs/:slug/papers returns 409 when the paper is already associated","status":"passed","title":"returns 409 when the paper is already associated","duration":34.82208300000002,"failureMessages":[],"meta":{}},{"ancestorTitles":["orgs routes","GET /api/orgs/:slug/papers"],"fullName":"orgs routes GET /api/orgs/:slug/papers returns 404 when org does not exist","status":"passed","title":"returns 404 when org does not exist","duration":24.128124999999955,"failureMessages":[],"meta":{}},{"ancestorTitles":["orgs routes","GET /api/orgs/:slug/papers"],"fullName":"orgs routes GET /api/orgs/:slug/papers returns public and org_only papers to org members","status":"passed","title":"returns public and org_only papers to org members","duration":32.863166999999976,"failureMessages":[],"meta":{}},{"ancestorTitles":["orgs routes","GET /api/orgs/:slug/papers"],"fullName":"orgs routes GET /api/orgs/:slug/papers returns authored private papers even when the requester is not an org member","status":"passed","title":"returns authored private papers even when the requester is not an org member","duration":32.44962499999997,"failureMessages":[],"meta":{}},{"ancestorTitles":["orgs routes","GET /api/orgs/:slug/papers"],"fullName":"orgs routes GET /api/orgs/:slug/papers returns all visible papers in non-paginated mode","status":"passed","title":"returns all visible papers in non-paginated mode","duration":40.194958999999926,"failureMessages":[],"meta":{}},{"ancestorTitles":["orgs routes","GET /api/orgs/:slug/papers"],"fullName":"orgs routes GET /api/orgs/:slug/papers applies year, venue, category and page query parameters","status":"passed","title":"applies year, venue, category and page query parameters","duration":33.71945800000003,"failureMessages":[],"meta":{}},{"ancestorTitles":["orgs routes"],"fullName":"orgs routes returns 400 for invalid page query","status":"passed","title":"returns 400 for invalid page query","duration":31.148666999999932,"failureMessages":[],"meta":{}},{"ancestorTitles":["orgs routes"],"fullName":"orgs routes returns 400 for invalid year query","status":"passed","title":"returns 400 for invalid year query","duration":35.9692500000001,"failureMessages":[],"meta":{}},{"ancestorTitles":["orgs routes","GET /api/orgs/:slug/tags"],"fullName":"orgs routes GET /api/orgs/:slug/tags returns tags from visible org papers","status":"passed","title":"returns tags from visible org papers","duration":33.8901249999999,"failureMessages":[],"meta":{}},{"ancestorTitles":["orgs routes","GET /api/orgs/:slug/tags"],"fullName":"orgs routes GET /api/orgs/:slug/tags filters tags by query and handles redundant tags with caching logic","status":"passed","title":"filters tags by query and handles redundant tags with caching logic","duration":34.01229199999989,"failureMessages":[],"meta":{}},{"ancestorTitles":["orgs routes","GET /api/orgs/:slug/tags"],"fullName":"orgs routes GET /api/orgs/:slug/tags limits public org tag responses to 100 items","status":"passed","title":"limits public org tag responses to 100 items","duration":58.8103329999999,"failureMessages":[],"meta":{}},{"ancestorTitles":["orgs routes","GET /api/orgs/:slug/tags"],"fullName":"orgs routes GET /api/orgs/:slug/tags returns 404 when org does not exist","status":"passed","title":"returns 404 when org does not exist","duration":42.76112499999999,"failureMessages":[],"meta":{}},{"ancestorTitles":["orgs routes","DELETE /api/orgs/:slug/members/:userId"],"fullName":"orgs routes DELETE /api/orgs/:slug/members/:userId returns 403 when an admin tries to remove an owner","status":"passed","title":"returns 403 when an admin tries to remove an owner","duration":44.10108300000002,"failureMessages":[],"meta":{}},{"ancestorTitles":["orgs routes","DELETE /api/orgs/:slug/members/:userId"],"fullName":"orgs routes DELETE /api/orgs/:slug/members/:userId returns 404 when the target membership does not exist","status":"passed","title":"returns 404 when the target membership does not exist","duration":35.145458999999846,"failureMessages":[],"meta":{}},{"ancestorTitles":["orgs routes","DELETE /api/orgs/:slug/papers/:paperId"],"fullName":"orgs routes DELETE /api/orgs/:slug/papers/:paperId returns 404 when the association does not exist","status":"passed","title":"returns 404 when the association does not exist","duration":36.31820799999991,"failureMessages":[],"meta":{}},{"ancestorTitles":["orgs routes","last admin protection"],"fullName":"orgs routes last admin protection PATCH prevents demoting the last admin","status":"passed","title":"PATCH prevents demoting the last admin","duration":24.59620800000016,"failureMessages":[],"meta":{}},{"ancestorTitles":["orgs routes","last admin protection"],"fullName":"orgs routes last admin protection DELETE prevents removing the last admin","status":"passed","title":"DELETE prevents removing the last admin","duration":33.8343339999999,"failureMessages":[],"meta":{}}],"startTime":1777557626311,"endTime":1777557627951.8342,"status":"passed","message":"","name":"/Users/hirokimukai/Cloudprojects/OpenShelf/apps/api/src/routes/__tests__/orgs.test.ts"},{"assertionResults":[{"ancestorTitles":["papers preview routes"],"fullName":"papers preview routes GET /api/papers/:id/files/:fileId/preview returns signed URL for public paper without auth","status":"passed","title":"GET /api/papers/:id/files/:fileId/preview returns signed URL for public paper without auth","duration":259.013125,"failureMessages":[],"meta":{}},{"ancestorTitles":["papers preview routes"],"fullName":"papers preview routes GET /api/papers/:id/files/:fileId/preview returns 401 for private paper without auth","status":"passed","title":"GET /api/papers/:id/files/:fileId/preview returns 401 for private paper without auth","duration":36.620874999999955,"failureMessages":[],"meta":{}},{"ancestorTitles":["papers preview routes"],"fullName":"papers preview routes GET /api/papers/:id/files/:fileId/preview falls back to stream URL when signed URL generation fails","status":"passed","title":"GET /api/papers/:id/files/:fileId/preview falls back to stream URL when signed URL generation fails","duration":50.76545799999997,"failureMessages":[],"meta":{}}],"startTime":1777557627667,"endTime":1777557628013.7654,"status":"passed","message":"","name":"/Users/hirokimukai/Cloudprojects/OpenShelf/apps/api/src/routes/__tests__/papers-preview.test.ts"},{"assertionResults":[{"ancestorTitles":["papers routes"],"fullName":"papers routes hits the token cache on subsequent calls and removes expired ones","status":"passed","title":"hits the token cache on subsequent calls and removes expired ones","duration":364.619584,"failureMessages":[],"meta":{}},{"ancestorTitles":["papers routes"],"fullName":"papers routes purges expired cache when reaching MAX_CACHE_SIZE","status":"passed","title":"purges expired cache when reaching MAX_CACHE_SIZE","duration":372.85029199999985,"failureMessages":[],"meta":{}},{"ancestorTitles":["papers routes"],"fullName":"papers routes hits the token cache on subsequent calls and removes expired ones","status":"passed","title":"hits the token cache on subsequent calls and removes expired ones","duration":31.880749999999807,"failureMessages":[],"meta":{}},{"ancestorTitles":["papers routes"],"fullName":"papers routes purges expired cache when reaching MAX_CACHE_SIZE","status":"passed","title":"purges expired cache when reaching MAX_CACHE_SIZE","duration":386.81733299999996,"failureMessages":[],"meta":{}},{"ancestorTitles":["papers routes"],"fullName":"papers routes hits the token cache on subsequent calls","status":"passed","title":"hits the token cache on subsequent calls","duration":42.3555829999998,"failureMessages":[],"meta":{}},{"ancestorTitles":["papers routes"],"fullName":"papers routes purges expired cache when reaching MAX_CACHE_SIZE","status":"passed","title":"purges expired cache when reaching MAX_CACHE_SIZE","duration":760.8792080000003,"failureMessages":[],"meta":{}},{"ancestorTitles":["papers routes"],"fullName":"papers routes removes explicitly cached entries when expired upon fetching","status":"passed","title":"removes explicitly cached entries when expired upon fetching","duration":116.7735419999999,"failureMessages":[],"meta":{}},{"ancestorTitles":["papers routes"],"fullName":"papers routes hits the token cache on subsequent calls","status":"passed","title":"hits the token cache on subsequent calls","duration":30.61641699999973,"failureMessages":[],"meta":{}},{"ancestorTitles":["papers routes"],"fullName":"papers routes POST /api/papers uploads multipart and creates paper","status":"passed","title":"POST /api/papers uploads multipart and creates paper","duration":25.521165999999994,"failureMessages":[],"meta":{}},{"ancestorTitles":["papers routes"],"fullName":"papers routes POST /api/papers deletes uploaded files and paper record on database error","status":"passed","title":"POST /api/papers deletes uploaded files and paper record on database error","duration":17.53704199999993,"failureMessages":[],"meta":{}},{"ancestorTitles":["papers routes"],"fullName":"papers routes POST /api/papers logs sanitized errors (both Error instance and string) on upload failure","status":"passed","title":"POST /api/papers logs sanitized errors (both Error instance and string) on upload failure","duration":13.996749999999793,"failureMessages":[],"meta":{}},{"ancestorTitles":["papers routes"],"fullName":"papers routes POST /api/papers rejects upload when content does not match declared MIME","status":"passed","title":"POST /api/papers rejects upload when content does not match declared MIME","duration":12.175083000000086,"failureMessages":[],"meta":{}},{"ancestorTitles":["papers routes"],"fullName":"papers routes GET /api/papers returns current user's papers","status":"passed","title":"GET /api/papers returns current user's papers","duration":11.297999999999774,"failureMessages":[],"meta":{}},{"ancestorTitles":["papers routes"],"fullName":"papers routes GET /api/papers/:id returns paper details","status":"passed","title":"GET /api/papers/:id returns paper details","duration":11.991500000000087,"failureMessages":[],"meta":{}},{"ancestorTitles":["papers routes"],"fullName":"papers routes GET /api/papers/:id/cite returns citation in requested format","status":"passed","title":"GET /api/papers/:id/cite returns citation in requested format","duration":11.026875000000018,"failureMessages":[],"meta":{}},{"ancestorTitles":["papers routes"],"fullName":"papers routes GET /api/papers/:id/cite supports plain format","status":"passed","title":"GET /api/papers/:id/cite supports plain format","duration":10.3415829999999,"failureMessages":[],"meta":{}},{"ancestorTitles":["papers routes"],"fullName":"papers routes POST /api/papers rejects a non-boolean showViewCount","status":"passed","title":"POST /api/papers rejects a non-boolean showViewCount","duration":10.083291999999801,"failureMessages":[],"meta":{}},{"ancestorTitles":["papers routes"],"fullName":"papers routes POST /api/papers/:id/track accepts view event","status":"passed","title":"POST /api/papers/:id/track accepts view event","duration":13.945791999999983,"failureMessages":[],"meta":{}},{"ancestorTitles":["papers routes"],"fullName":"papers routes POST /api/papers/:id/track ignores bots","status":"passed","title":"POST /api/papers/:id/track ignores bots","duration":9.236957999999959,"failureMessages":[],"meta":{}},{"ancestorTitles":["papers routes"],"fullName":"papers routes POST /api/papers/:id/track logs sanitized error on failure (Error instance)","status":"passed","title":"POST /api/papers/:id/track logs sanitized error on failure (Error instance)","duration":10.056082999999944,"failureMessages":[],"meta":{}},{"ancestorTitles":["papers routes"],"fullName":"papers routes POST /api/papers/:id/track logs sanitized error on failure (string error)","status":"passed","title":"POST /api/papers/:id/track logs sanitized error on failure (string error)","duration":9.571583000000373,"failureMessages":[],"meta":{}},{"ancestorTitles":["papers routes"],"fullName":"papers routes POST /api/papers/:id/track handles duplicate dedup rows","status":"passed","title":"POST /api/papers/:id/track handles duplicate dedup rows","duration":9.117083999999977,"failureMessages":[],"meta":{}},{"ancestorTitles":["papers routes"],"fullName":"papers routes DELETE /api/papers/:id handles R2 deletion failure","status":"passed","title":"DELETE /api/papers/:id handles R2 deletion failure","duration":13.390542000000096,"failureMessages":[],"meta":{}},{"ancestorTitles":["papers routes"],"fullName":"papers routes POST /api/papers/:id/track returns 404 when paper does not exist","status":"passed","title":"POST /api/papers/:id/track returns 404 when paper does not exist","duration":9.938707999999679,"failureMessages":[],"meta":{}},{"ancestorTitles":["papers routes"],"fullName":"papers routes GET /api/papers/:id/stats returns author-only statistics","status":"passed","title":"GET /api/papers/:id/stats returns author-only statistics","duration":9.745707999999922,"failureMessages":[],"meta":{}},{"ancestorTitles":["papers routes"],"fullName":"papers routes GET /api/papers/:id omits publicViewCount when showViewCount is false","status":"passed","title":"GET /api/papers/:id omits publicViewCount when showViewCount is false","duration":8.929999999999836,"failureMessages":[],"meta":{}},{"ancestorTitles":["papers routes"],"fullName":"papers routes POST /api/papers/:id/track returns 401 for private paper without token","status":"passed","title":"POST /api/papers/:id/track returns 401 for private paper without token","duration":8.632583999999952,"failureMessages":[],"meta":{}},{"ancestorTitles":["papers routes"],"fullName":"papers routes POST /api/papers/:id/track returns 403 for private paper from non-author","status":"passed","title":"POST /api/papers/:id/track returns 403 for private paper from non-author","duration":8.689332999999806,"failureMessages":[],"meta":{}},{"ancestorTitles":["papers routes"],"fullName":"papers routes GET /api/papers/:id/stats returns 403 for non-authors","status":"passed","title":"GET /api/papers/:id/stats returns 403 for non-authors","duration":11.918791000000056,"failureMessages":[],"meta":{}},{"ancestorTitles":["papers routes"],"fullName":"papers routes GET /api/papers/:id/stats rejects invalid days","status":"passed","title":"GET /api/papers/:id/stats rejects invalid days","duration":9.520582999999988,"failureMessages":[],"meta":{}},{"ancestorTitles":["papers routes"],"fullName":"papers routes PATCH /api/papers/:id rejects changing a non-org_only paper to org_only","status":"passed","title":"PATCH /api/papers/:id rejects changing a non-org_only paper to org_only","duration":9.108000000000175,"failureMessages":[],"meta":{}},{"ancestorTitles":["papers routes"],"fullName":"papers routes PUT /api/papers/:id/description updates description for authors","status":"passed","title":"PUT /api/papers/:id/description updates description for authors","duration":10.125874999999724,"failureMessages":[],"meta":{}},{"ancestorTitles":["papers routes"],"fullName":"papers routes PUT /api/papers/:id/description rejects non-author","status":"passed","title":"PUT /api/papers/:id/description rejects non-author","duration":8.877958999999919,"failureMessages":[],"meta":{}},{"ancestorTitles":["papers routes"],"fullName":"papers routes PUT /api/papers/:id/description validates description length","status":"passed","title":"PUT /api/papers/:id/description validates description length","duration":8.891042000000198,"failureMessages":[],"meta":{}},{"ancestorTitles":["papers routes"],"fullName":"papers routes PATCH /api/papers/:id validates externalUrl like POST","status":"passed","title":"PATCH /api/papers/:id validates externalUrl like POST","duration":9.198459000000184,"failureMessages":[],"meta":{}},{"ancestorTitles":["papers routes"],"fullName":"papers routes PATCH /api/papers/:id rejects overlong abstract","status":"passed","title":"PATCH /api/papers/:id rejects overlong abstract","duration":9.482874999999694,"failureMessages":[],"meta":{}},{"ancestorTitles":["papers routes"],"fullName":"papers routes PATCH /api/papers/:id allows keeping org_only on an existing org_only paper","status":"passed","title":"PATCH /api/papers/:id allows keeping org_only on an existing org_only paper","duration":10.207957999999962,"failureMessages":[],"meta":{}},{"ancestorTitles":["papers routes"],"fullName":"papers routes PATCH /api/papers/:id rejects a primitive JSON body","status":"passed","title":"PATCH /api/papers/:id rejects a primitive JSON body","duration":9.327000000000226,"failureMessages":[],"meta":{}},{"ancestorTitles":["papers routes"],"fullName":"papers routes PATCH /api/papers/:id rejects requests without valid updatable fields","status":"passed","title":"PATCH /api/papers/:id rejects requests without valid updatable fields","duration":9.224959000000126,"failureMessages":[],"meta":{}},{"ancestorTitles":["papers routes"],"fullName":"papers routes PATCH /api/papers/:id updates showViewCount for authors","status":"passed","title":"PATCH /api/papers/:id updates showViewCount for authors","duration":11.654999999999745,"failureMessages":[],"meta":{}},{"ancestorTitles":["papers routes"],"fullName":"papers routes PATCH /api/papers/:id updates doi, venue, venueType, year, category, and tags","status":"passed","title":"PATCH /api/papers/:id updates doi, venue, venueType, year, category, and tags","duration":12.460583000000042,"failureMessages":[],"meta":{}},{"ancestorTitles":["papers routes"],"fullName":"papers routes PATCH /api/papers/:id validates invalid types and values","status":"passed","title":"PATCH /api/papers/:id validates invalid types and values","duration":10.963124999999764,"failureMessages":[],"meta":{}},{"ancestorTitles":["papers routes"],"fullName":"papers routes PATCH /api/papers/:id handles null and empty fields","status":"passed","title":"PATCH /api/papers/:id handles null and empty fields","duration":9.479208000000199,"failureMessages":[],"meta":{}},{"ancestorTitles":["papers routes"],"fullName":"papers routes PATCH /api/papers/:id ignores empty tags","status":"passed","title":"PATCH /api/papers/:id ignores empty tags","duration":8.856041000000005,"failureMessages":[],"meta":{}},{"ancestorTitles":["papers routes"],"fullName":"papers routes PATCH /api/papers/:id updates correctly when tags array has only empty strings","status":"passed","title":"PATCH /api/papers/:id updates correctly when tags array has only empty strings","duration":8.891708999999992,"failureMessages":[],"meta":{}},{"ancestorTitles":["papers routes"],"fullName":"papers routes PATCH /api/papers/:id update fails when there are no valid fields","status":"passed","title":"PATCH /api/papers/:id update fails when there are no valid fields","duration":8.279791999999816,"failureMessages":[],"meta":{}},{"ancestorTitles":["papers routes"],"fullName":"papers routes PATCH /api/papers/:id ignores empty array of tags and continues if no other fields","status":"passed","title":"PATCH /api/papers/:id ignores empty array of tags and continues if no other fields","duration":9.13841599999978,"failureMessages":[],"meta":{}},{"ancestorTitles":["papers routes"],"fullName":"papers routes PATCH /api/papers/:id updates correctly when values exactly match valid enums","status":"passed","title":"PATCH /api/papers/:id updates correctly when values exactly match valid enums","duration":8.767166000000088,"failureMessages":[],"meta":{}},{"ancestorTitles":["papers routes"],"fullName":"papers routes PATCH /api/papers/:id updates correctly when tags array has only empty strings","status":"passed","title":"PATCH /api/papers/:id updates correctly when tags array has only empty strings","duration":9.367416000000048,"failureMessages":[],"meta":{}},{"ancestorTitles":["papers routes"],"fullName":"papers routes PATCH /api/papers/:id ignores empty tags","status":"passed","title":"PATCH /api/papers/:id ignores empty tags","duration":8.618916999999783,"failureMessages":[],"meta":{}},{"ancestorTitles":["papers routes"],"fullName":"papers routes PATCH /api/papers/:id handles null and empty fields","status":"passed","title":"PATCH /api/papers/:id handles null and empty fields","duration":9.194375000000036,"failureMessages":[],"meta":{}},{"ancestorTitles":["papers routes"],"fullName":"papers routes PATCH /api/papers/:id validates invalid types and values","status":"passed","title":"PATCH /api/papers/:id validates invalid types and values","duration":12.411750000000211,"failureMessages":[],"meta":{}},{"ancestorTitles":["papers routes"],"fullName":"papers routes PATCH /api/papers/:id updates doi, venue, venueType, year, category, and tags","status":"passed","title":"PATCH /api/papers/:id updates doi, venue, venueType, year, category, and tags","duration":9.153917000000092,"failureMessages":[],"meta":{}},{"ancestorTitles":["papers routes"],"fullName":"papers routes GET /api/papers/:id returns 401 for private paper without Bearer token","status":"passed","title":"GET /api/papers/:id returns 401 for private paper without Bearer token","duration":11.710375000000113,"failureMessages":[],"meta":{}},{"ancestorTitles":["papers routes"],"fullName":"papers routes GET /api/papers/:id returns 403 for private paper when requester is not an author","status":"passed","title":"GET /api/papers/:id returns 403 for private paper when requester is not an author","duration":66.35612499999979,"failureMessages":[],"meta":{}},{"ancestorTitles":["papers routes"],"fullName":"papers routes GET /api/papers/:id returns 500 (not 401) on database error during author check","status":"passed","title":"GET /api/papers/:id returns 500 (not 401) on database error during author check","duration":21.648207999999613,"failureMessages":[],"meta":{}},{"ancestorTitles":["papers routes"],"fullName":"papers routes DELETE /api/papers/:id deletes a paper","status":"passed","title":"DELETE /api/papers/:id deletes a paper","duration":19.350291999999627,"failureMessages":[],"meta":{}},{"ancestorTitles":["papers routes"],"fullName":"papers routes DELETE /api/papers/:id bounds concurrent R2 batch deletes","status":"passed","title":"DELETE /api/papers/:id bounds concurrent R2 batch deletes","duration":123.27212499999996,"failureMessages":[],"meta":{}},{"ancestorTitles":["papers routes"],"fullName":"papers routes GET /api/papers/:id returns 404 when paper does not exist","status":"passed","title":"GET /api/papers/:id returns 404 when paper does not exist","duration":16.41008299999976,"failureMessages":[],"meta":{}},{"ancestorTitles":["papers routes","POST /api/papers/:id/invites database error handling"],"fullName":"papers routes POST /api/papers/:id/invites database error handling POST /api/papers/:id/invites returns 409 when invite already exists","status":"passed","title":"POST /api/papers/:id/invites returns 409 when invite already exists","duration":15.164999999999964,"failureMessages":[],"meta":{}},{"ancestorTitles":["papers routes","POST /api/papers/:id/invites database error handling"],"fullName":"papers routes POST /api/papers/:id/invites database error handling POST /api/papers/:id/invites returns 500 for non-UNIQUE database errors","status":"passed","title":"POST /api/papers/:id/invites returns 500 for non-UNIQUE database errors","duration":13.176249999999982,"failureMessages":[],"meta":{}}],"startTime":1777557626320,"endTime":1777557629193.1763,"status":"passed","message":"","name":"/Users/hirokimukai/Cloudprojects/OpenShelf/apps/api/src/routes/__tests__/papers.test.ts"},{"assertionResults":[{"ancestorTitles":["CORS – staging Vercel URL in ALLOWED_ORIGINS"],"fullName":"CORS – staging Vercel URL in ALLOWED_ORIGINS accepts the staging Vercel URL as a valid CORS origin","status":"passed","title":"accepts the staging Vercel URL as a valid CORS origin","duration":373.43449999999996,"failureMessages":[],"meta":{}},{"ancestorTitles":["CORS – staging Vercel URL in ALLOWED_ORIGINS"],"fullName":"CORS – staging Vercel URL in ALLOWED_ORIGINS blocks localhost:3000 when ALLOWED_ORIGINS contains only the staging URL (regression: old value removed)","status":"passed","title":"blocks localhost:3000 when ALLOWED_ORIGINS contains only the staging URL (regression: old value removed)","duration":26.03920800000003,"failureMessages":[],"meta":{}},{"ancestorTitles":["CORS – staging Vercel URL in ALLOWED_ORIGINS"],"fullName":"CORS – staging Vercel URL in ALLOWED_ORIGINS blocks the HTTP (non-HTTPS) variant of the staging URL","status":"passed","title":"blocks the HTTP (non-HTTPS) variant of the staging URL","duration":24.10674999999992,"failureMessages":[],"meta":{}},{"ancestorTitles":["CORS – staging Vercel URL in ALLOWED_ORIGINS"],"fullName":"CORS – staging Vercel URL in ALLOWED_ORIGINS blocks an unrelated origin when ALLOWED_ORIGINS is set to the staging URL","status":"passed","title":"blocks an unrelated origin when ALLOWED_ORIGINS is set to the staging URL","duration":32.178292000000056,"failureMessages":[],"meta":{}},{"ancestorTitles":["CORS – staging Vercel URL in ALLOWED_ORIGINS"],"fullName":"CORS – staging Vercel URL in ALLOWED_ORIGINS uses the staging URL as CORS origin fallback when ALLOWED_ORIGINS is absent","status":"passed","title":"uses the staging URL as CORS origin fallback when ALLOWED_ORIGINS is absent","duration":31.32462499999997,"failureMessages":[],"meta":{}},{"ancestorTitles":["CORS preflight – staging Vercel URL in ALLOWED_ORIGINS"],"fullName":"CORS preflight – staging Vercel URL in ALLOWED_ORIGINS returns correct preflight headers for the staging Vercel URL","status":"passed","title":"returns correct preflight headers for the staging Vercel URL","duration":50.041000000000054,"failureMessages":[],"meta":{}},{"ancestorTitles":["CORS preflight – staging Vercel URL in ALLOWED_ORIGINS"],"fullName":"CORS preflight – staging Vercel URL in ALLOWED_ORIGINS blocks preflight for localhost:3000 now that staging URL is the sole ALLOWED_ORIGINS","status":"passed","title":"blocks preflight for localhost:3000 now that staging URL is the sole ALLOWED_ORIGINS","duration":35.67920800000002,"failureMessages":[],"meta":{}},{"ancestorTitles":["CORS preflight – staging Vercel URL in ALLOWED_ORIGINS"],"fullName":"CORS preflight – staging Vercel URL in ALLOWED_ORIGINS blocks preflight for the HTTP variant of the staging URL","status":"passed","title":"blocks preflight for the HTTP variant of the staging URL","duration":14.664457999999968,"failureMessages":[],"meta":{}},{"ancestorTitles":["CSRF – staging Vercel URL configuration"],"fullName":"CSRF – staging Vercel URL configuration allows a mutative request whose Origin matches the staging FRONTEND_URL","status":"passed","title":"allows a mutative request whose Origin matches the staging FRONTEND_URL","duration":20.03258299999993,"failureMessages":[],"meta":{}},{"ancestorTitles":["CSRF – staging Vercel URL configuration"],"fullName":"CSRF – staging Vercel URL configuration blocks a mutative request whose Origin is localhost:3000 when staging URL is FRONTEND_URL","status":"passed","title":"blocks a mutative request whose Origin is localhost:3000 when staging URL is FRONTEND_URL","duration":23.298457999999982,"failureMessages":[],"meta":{}},{"ancestorTitles":["CSRF – staging Vercel URL configuration"],"fullName":"CSRF – staging Vercel URL configuration blocks a mutative request whose Origin is the HTTP variant of the staging URL","status":"passed","title":"blocks a mutative request whose Origin is the HTTP variant of the staging URL","duration":23.617250000000013,"failureMessages":[],"meta":{}},{"ancestorTitles":["CSRF – staging Vercel URL configuration"],"fullName":"CSRF – staging Vercel URL configuration allows a mutative request whose Referer is under the staging URL","status":"passed","title":"allows a mutative request whose Referer is under the staging URL","duration":22.268459000000007,"failureMessages":[],"meta":{}},{"ancestorTitles":["CSRF – staging Vercel URL configuration"],"fullName":"CSRF – staging Vercel URL configuration blocks a mutative request with no Origin and no Referer","status":"passed","title":"blocks a mutative request with no Origin and no Referer","duration":25.700042000000053,"failureMessages":[],"meta":{}}],"startTime":1777557626304,"endTime":1777557627006.7,"status":"passed","message":"","name":"/Users/hirokimukai/Cloudprojects/OpenShelf/apps/api/src/routes/__tests__/staging-config.test.ts"},{"assertionResults":[{"ancestorTitles":["tags routes"],"fullName":"tags routes GET /api/tags/suggest returns empty for short queries","status":"passed","title":"GET /api/tags/suggest returns empty for short queries","duration":285.70608300000004,"failureMessages":[],"meta":{}},{"ancestorTitles":["tags routes"],"fullName":"tags routes GET /api/tags/suggest returns prefix-matched tags for current user","status":"passed","title":"GET /api/tags/suggest returns prefix-matched tags for current user","duration":35.67566700000003,"failureMessages":[],"meta":{}},{"ancestorTitles":["tags routes"],"fullName":"tags routes GET /api/tags/suggest returns 403 when org slug is specified by non-member","status":"passed","title":"GET /api/tags/suggest returns 403 when org slug is specified by non-member","duration":36.42183399999999,"failureMessages":[],"meta":{}},{"ancestorTitles":["tags routes"],"fullName":"tags routes GET /api/tags/suggest excludes private org paper tags for non-authors","status":"passed","title":"GET /api/tags/suggest excludes private org paper tags for non-authors","duration":48.852666,"failureMessages":[],"meta":{}}],"startTime":1777557627580,"endTime":1777557627986.8528,"status":"passed","message":"","name":"/Users/hirokimukai/Cloudprojects/OpenShelf/apps/api/src/routes/__tests__/tags.test.ts"},{"assertionResults":[{"ancestorTitles":["test-auth routes"],"fullName":"test-auth routes returns 404 if ENABLE_TEST_AUTH is not true","status":"passed","title":"returns 404 if ENABLE_TEST_AUTH is not true","duration":301.80945799999995,"failureMessages":[],"meta":{}},{"ancestorTitles":["test-auth routes"],"fullName":"test-auth routes returns 404 if TEST_AUTH_SECRET is not configured","status":"passed","title":"returns 404 if TEST_AUTH_SECRET is not configured","duration":0.4035000000000082,"failureMessages":[],"meta":{}},{"ancestorTitles":["test-auth routes"],"fullName":"test-auth routes returns 401 if provided secret does not match","status":"passed","title":"returns 401 if provided secret does not match","duration":1.7258750000000305,"failureMessages":[],"meta":{}}],"startTime":1777557627763,"endTime":1777557628066.7258,"status":"passed","message":"","name":"/Users/hirokimukai/Cloudprojects/OpenShelf/apps/api/src/routes/__tests__/test-auth.test.ts"},{"assertionResults":[{"ancestorTitles":["users routes"],"fullName":"users routes GET /api/users/me returns profile for authenticated user","status":"passed","title":"GET /api/users/me returns profile for authenticated user","duration":374.494125,"failureMessages":[],"meta":{}},{"ancestorTitles":["users routes"],"fullName":"users routes PUT /api/users/me updates display_name","status":"passed","title":"PUT /api/users/me updates display_name","duration":22.821916999999985,"failureMessages":[],"meta":{}},{"ancestorTitles":["users routes"],"fullName":"users routes PATCH /api/users/me with malformed JSON returns 400","status":"passed","title":"PATCH /api/users/me with malformed JSON returns 400","duration":30.62570900000003,"failureMessages":[],"meta":{}},{"ancestorTitles":["users routes"],"fullName":"users routes GET /api/users/search?q=... returns search results","status":"passed","title":"GET /api/users/search?q=... returns search results","duration":32.36137499999995,"failureMessages":[],"meta":{}},{"ancestorTitles":["users routes"],"fullName":"users routes PATCH /api/users/me rejects non-string display names","status":"passed","title":"PATCH /api/users/me rejects non-string display names","duration":34.5246249999999,"failureMessages":[],"meta":{}},{"ancestorTitles":["users routes"],"fullName":"users routes PATCH /api/users/me trims blank display names to null","status":"passed","title":"PATCH /api/users/me trims blank display names to null","duration":59.149374999999964,"failureMessages":[],"meta":{}},{"ancestorTitles":["users routes"],"fullName":"users routes GET /api/users/search returns cached results on repeat queries","status":"passed","title":"GET /api/users/search returns cached results on repeat queries","duration":22.26120800000001,"failureMessages":[],"meta":{}},{"ancestorTitles":["users routes"],"fullName":"users routes GET /api/users/search returns an empty list for short queries","status":"passed","title":"GET /api/users/search returns an empty list for short queries","duration":21.363749999999982,"failureMessages":[],"meta":{}},{"ancestorTitles":["users routes"],"fullName":"users routes GET /api/users/:id returns 404 when the user does not exist","status":"passed","title":"GET /api/users/:id returns 404 when the user does not exist","duration":18.525125000000003,"failureMessages":[],"meta":{}}],"startTime":1777557626304,"endTime":1777557626919.5251,"status":"passed","message":"","name":"/Users/hirokimukai/Cloudprojects/OpenShelf/apps/api/src/routes/__tests__/users.test.ts"},{"assertionResults":[{"ancestorTitles":["badge utils","escapeXml"],"fullName":"badge utils escapeXml escapes special characters","status":"passed","title":"escapes special characters","duration":0.7167919999999981,"failureMessages":[],"meta":{}},{"ancestorTitles":["badge utils","escapeXml"],"fullName":"badge utils escapeXml handles empty strings","status":"passed","title":"handles empty strings","duration":0.06616699999997877,"failureMessages":[],"meta":{}},{"ancestorTitles":["badge utils","escapeXml"],"fullName":"badge utils escapeXml handles strings without special characters","status":"passed","title":"handles strings without special characters","duration":0.043333000000018274,"failureMessages":[],"meta":{}},{"ancestorTitles":["badge utils","normalizeBadgeStyle"],"fullName":"badge utils normalizeBadgeStyle returns compact for compact input","status":"passed","title":"returns compact for compact input","duration":0.05674999999999386,"failureMessages":[],"meta":{}},{"ancestorTitles":["badge utils","normalizeBadgeStyle"],"fullName":"badge utils normalizeBadgeStyle returns default for other string inputs","status":"passed","title":"returns default for other string inputs","duration":0.04983300000000668,"failureMessages":[],"meta":{}},{"ancestorTitles":["badge utils","normalizeBadgeStyle"],"fullName":"badge utils normalizeBadgeStyle returns default for null/undefined","status":"passed","title":"returns default for null/undefined","duration":0.04220799999998803,"failureMessages":[],"meta":{}},{"ancestorTitles":["badge utils","normalizeBadgeLabel"],"fullName":"badge utils normalizeBadgeLabel returns the label trimmed and whitespace-normalized","status":"passed","title":"returns the label trimmed and whitespace-normalized","duration":0.0731670000000122,"failureMessages":[],"meta":{}},{"ancestorTitles":["badge utils","normalizeBadgeLabel"],"fullName":"badge utils normalizeBadgeLabel returns default label for empty, null, or undefined","status":"passed","title":"returns default label for empty, null, or undefined","duration":0.062415999999984706,"failureMessages":[],"meta":{}},{"ancestorTitles":["badge utils","normalizeBadgeLabel"],"fullName":"badge utils normalizeBadgeLabel truncates long labels","status":"passed","title":"truncates long labels","duration":0.0835830000000044,"failureMessages":[],"meta":{}},{"ancestorTitles":["badge utils","normalizeBadgeColor"],"fullName":"badge utils normalizeBadgeColor returns lowercase standard hex colors without #","status":"passed","title":"returns lowercase standard hex colors without #","duration":0.13112499999999727,"failureMessages":[],"meta":{}},{"ancestorTitles":["badge utils","normalizeBadgeColor"],"fullName":"badge utils normalizeBadgeColor returns lowercase named colors","status":"passed","title":"returns lowercase named colors","duration":0.2146669999999915,"failureMessages":[],"meta":{}},{"ancestorTitles":["badge utils","normalizeBadgeColor"],"fullName":"badge utils normalizeBadgeColor returns default color for invalid, empty, null, or undefined","status":"passed","title":"returns default color for invalid, empty, null, or undefined","duration":0.07308399999999438,"failureMessages":[],"meta":{}},{"ancestorTitles":["badge utils","truncateBadgeText"],"fullName":"badge utils truncateBadgeText does not truncate if within max length","status":"passed","title":"does not truncate if within max length","duration":0.05716699999999264,"failureMessages":[],"meta":{}},{"ancestorTitles":["badge utils","truncateBadgeText"],"fullName":"badge utils truncateBadgeText truncates and adds ellipsis if exceeding max length","status":"passed","title":"truncates and adds ellipsis if exceeding max length","duration":0.03870800000001395,"failureMessages":[],"meta":{}},{"ancestorTitles":["badge utils","truncateBadgeText"],"fullName":"badge utils truncateBadgeText handles max length <= 1","status":"passed","title":"handles max length <= 1","duration":0.04404199999999037,"failureMessages":[],"meta":{}},{"ancestorTitles":["badge utils","truncateBadgeText"],"fullName":"badge utils truncateBadgeText normalizes whitespace before truncating","status":"passed","title":"normalizes whitespace before truncating","duration":0.042625000000015234,"failureMessages":[],"meta":{}},{"ancestorTitles":["badge utils","estimateTextWidth"],"fullName":"badge utils estimateTextWidth estimates width for basic alphanumeric characters","status":"passed","title":"estimates width for basic alphanumeric characters","duration":0.1244999999999834,"failureMessages":[],"meta":{}},{"ancestorTitles":["badge utils","estimateTextWidth"],"fullName":"badge utils estimateTextWidth estimates width for wide characters","status":"passed","title":"estimates width for wide characters","duration":0.054667000000023336,"failureMessages":[],"meta":{}},{"ancestorTitles":["badge utils","estimateTextWidth"],"fullName":"badge utils estimateTextWidth estimates width for emojis","status":"passed","title":"estimates width for emojis","duration":0.025874999999984993,"failureMessages":[],"meta":{}},{"ancestorTitles":["badge utils","estimateTextWidth"],"fullName":"badge utils estimateTextWidth estimates width for other characters (e.g., symbols, spaces)","status":"passed","title":"estimates width for other characters (e.g., symbols, spaces)","duration":0.03233400000002007,"failureMessages":[],"meta":{}},{"ancestorTitles":["badge utils","estimateTextWidth"],"fullName":"badge utils estimateTextWidth estimates total width","status":"passed","title":"estimates total width","duration":0.026666999999974905,"failureMessages":[],"meta":{}},{"ancestorTitles":["badge utils","buildBadgeMessage"],"fullName":"badge utils buildBadgeMessage returns 'Paper' for compact style","status":"passed","title":"returns 'Paper' for compact style","duration":0.04433299999999463,"failureMessages":[],"meta":{}},{"ancestorTitles":["badge utils","buildBadgeMessage"],"fullName":"badge utils buildBadgeMessage includes title and year for default style","status":"passed","title":"includes title and year for default style","duration":0.02975000000000705,"failureMessages":[],"meta":{}},{"ancestorTitles":["badge utils","buildBadgeMessage"],"fullName":"badge utils buildBadgeMessage omits year if null","status":"passed","title":"omits year if null","duration":0.02616699999998673,"failureMessages":[],"meta":{}},{"ancestorTitles":["badge utils","buildBadgeMessage"],"fullName":"badge utils buildBadgeMessage omits year if year is 0","status":"passed","title":"omits year if year is 0","duration":0.02679200000000037,"failureMessages":[],"meta":{}},{"ancestorTitles":["badge utils","buildBadgeMessage"],"fullName":"badge utils buildBadgeMessage truncates long titles with year","status":"passed","title":"truncates long titles with year","duration":0.08591699999999491,"failureMessages":[],"meta":{}},{"ancestorTitles":["badge utils","buildBadgeMessage"],"fullName":"badge utils buildBadgeMessage truncates long titles without year","status":"passed","title":"truncates long titles without year","duration":0.03754100000000449,"failureMessages":[],"meta":{}},{"ancestorTitles":["badge utils","buildBadgeMessage"],"fullName":"badge utils buildBadgeMessage returns 'Paper' if result is empty","status":"passed","title":"returns 'Paper' if result is empty","duration":0.026416000000011763,"failureMessages":[],"meta":{}},{"ancestorTitles":["badge utils","buildLeftText"],"fullName":"badge utils buildLeftText prepends document emoji","status":"passed","title":"prepends document emoji","duration":0.03541699999999537,"failureMessages":[],"meta":{}},{"ancestorTitles":["badge utils","buildBadgeSvg"],"fullName":"badge utils buildBadgeSvg generates a valid SVG string","status":"passed","title":"generates a valid SVG string","duration":0.12120799999999576,"failureMessages":[],"meta":{}},{"ancestorTitles":["badge utils","buildBadgeSvg"],"fullName":"badge utils buildBadgeSvg handles empty inputs by using defaults","status":"passed","title":"handles empty inputs by using defaults","duration":0.05358400000000074,"failureMessages":[],"meta":{}},{"ancestorTitles":["badge utils","buildBadgeSvg"],"fullName":"badge utils buildBadgeSvg handles named colors","status":"passed","title":"handles named colors","duration":0.03579100000001745,"failureMessages":[],"meta":{}},{"ancestorTitles":["badge utils","buildShieldsEndpointPayload"],"fullName":"badge utils buildShieldsEndpointPayload returns a Shields.io compatible payload","status":"passed","title":"returns a Shields.io compatible payload","duration":0.35837500000002365,"failureMessages":[],"meta":{}},{"ancestorTitles":["badge utils","buildNotFoundBadge"],"fullName":"badge utils buildNotFoundBadge returns SVG and JSON for not found badge","status":"passed","title":"returns SVG and JSON for not found badge","duration":0.12012500000000159,"failureMessages":[],"meta":{}},{"ancestorTitles":["badge utils","createEtag"],"fullName":"badge utils createEtag generates a stable 16-character hex string enclosed in quotes","status":"passed","title":"generates a stable 16-character hex string enclosed in quotes","duration":0.10295899999999847,"failureMessages":[],"meta":{}},{"ancestorTitles":["badge utils","createEtag"],"fullName":"badge utils createEtag generates different hashes for different inputs","status":"passed","title":"generates different hashes for different inputs","duration":0.1337919999999997,"failureMessages":[],"meta":{}}],"startTime":1777557628237,"endTime":1777557628240.1338,"status":"passed","message":"","name":"/Users/hirokimukai/Cloudprojects/OpenShelf/apps/api/src/utils/__tests__/badge.test.ts"},{"assertionResults":[{"ancestorTitles":["buildCitation"],"fullName":"buildCitation generates bibtex with key and fallback url when doi is missing","status":"passed","title":"generates bibtex with key and fallback url when doi is missing","duration":1.0818749999999966,"failureMessages":[],"meta":{}},{"ancestorTitles":["buildCitation","when doi exists"],"fullName":"buildCitation when doi exists uses doi for bibtex and omits url","status":"passed","title":"uses doi for bibtex and omits url","duration":0.12058300000001054,"failureMessages":[],"meta":{}},{"ancestorTitles":["buildCitation","when doi exists"],"fullName":"buildCitation when doi exists uses doi url for plain format","status":"passed","title":"uses doi url for plain format","duration":0.07425000000000637,"failureMessages":[],"meta":{}},{"ancestorTitles":["buildCitation","when doi exists"],"fullName":"buildCitation when doi exists uses doi url for apa format","status":"passed","title":"uses doi url for apa format","duration":0.09129200000000992,"failureMessages":[],"
[...]
ecl":{"start":{"line":12,"column":0},"end":{"line":60,"column":1}},"loc":{"start":{"line":12,"column":0},"end":{"line":60,"column":1}},"line":12},"1":{"name":"parseOleHeader","decl":{"start":{"line":68,"column":0},"end":{"line":97,"column":1}},"loc":{"start":{"line":68,"column":0},"end":{"line":97,"column":1}},"line":68},"2":{"name":"createFatReader","decl":{"start":{"line":99,"column":0},"end":{"line":126,"column":1}},"loc":{"start":{"line":99,"column":0},"end":{"line":126,"column":1}},"line":99},"3":{"name":"checkDirectorySector","decl":{"start":{"line":128,"column":0},"end":{"line":166,"column":1}},"loc":{"start":{"line":128,"column":0},"end":{"line":166,"column":1}},"line":128},"4":{"name":"hasOleStream","decl":{"start":{"line":169,"column":0},"end":{"line":206,"column":1}},"loc":{"start":{"line":169,"column":0},"end":{"line":206,"column":1}},"line":169},"5":{"name":"validateMagicNumbers","decl":{"start":{"line":208,"column":0},"end":{"line":296,"column":1}},"loc":{"start":{"line":208,"column":0},"end":{"line":296,"column":1}},"line":208}},"f":{"0":2,"1":2,"2":2,"3":2,"4":2,"5":20}},"/Users/hirokimukai/Cloudprojects/OpenShelf/apps/api/src/utils/origin.ts":{"path":"/Users/hirokimukai/Cloudprojects/OpenShelf/apps/api/src/utils/origin.ts","all":false,"statementMap":{"0":{"start":{"line":1,"column":0},"end":{"line":1,"column":75}},"1":{"start":{"line":2,"column":0},"end":{"line":2,"column":28}},"2":{"start":{"line":3,"column":0},"end":{"line":3,"column":9}},"3":{"start":{"line":4,"column":0},"end":{"line":4,"column":37}},"4":{"start":{"line":5,"column":0},"end":{"line":5,"column":13}},"5":{"start":{"line":6,"column":0},"end":{"line":6,"column":13}},"6":{"start":{"line":7,"column":0},"end":{"line":7,"column":61}},"7":{"start":{"line":8,"column":0},"end":{"line":8,"column":17}},"8":{"start":{"line":9,"column":0},"end":{"line":9,"column":24}},"9":{"start":{"line":10,"column":0},"end":{"line":10,"column":9}},"10":{"start":{"line":11,"column":0},"end":{"line":11,"column":5}},"11":{"start":{"line":12,"column":0},"end":{"line":12,"column":1}},"13":{"start":{"line":14,"column":0},"end":{"line":14,"column":70}},"14":{"start":{"line":15,"column":0},"end":{"line":15,"column":16}},"15":{"start":{"line":16,"column":0},"end":{"line":16,"column":15}},"16":{"start":{"line":17,"column":0},"end":{"line":17,"column":23}},"17":{"start":{"line":18,"column":0},"end":{"line":18,"column":43}},"18":{"start":{"line":19,"column":0},"end":{"line":19,"column":28}},"19":{"start":{"line":20,"column":0},"end":{"line":20,"column":13}},"20":{"start":{"line":21,"column":0},"end":{"line":21,"column":1}},"22":{"start":{"line":23,"column":0},"end":{"line":23,"column":80}},"23":{"start":{"line":24,"column":0},"end":{"line":24,"column":37}},"24":{"start":{"line":25,"column":0},"end":{"line":25,"column":58}},"26":{"start":{"line":27,"column":0},"end":{"line":27,"column":37}},"27":{"start":{"line":28,"column":0},"end":{"line":28,"column":89}},"28":{"start":{"line":29,"column":0},"end":{"line":29,"column":66}},"30":{"start":{"line":31,"column":0},"end":{"line":31,"column":48}},"31":{"start":{"line":32,"column":0},"end":{"line":32,"column":1}},"33":{"start":{"line":34,"column":0},"end":{"line":34,"column":32}},"34":{"start":{"line":35,"column":0},"end":{"line":35,"column":38}},"35":{"start":{"line":36,"column":0},"end":{"line":36,"column":34}},"36":{"start":{"line":37,"column":0},"end":{"line":37,"column":29}},"37":{"start":{"line":38,"column":0},"end":{"line":38,"column":46}},"38":{"start":{"line":39,"column":0},"end":{"line":39,"column":12}},"39":{"start":{"line":40,"column":0},"end":{"line":40,"column":30}},"40":{"start":{"line":41,"column":0},"end":{"line":41,"column":65}},"41":{"start":{"line":42,"column":0},"end":{"line":42,"column":93}},"42":{"start":{"line":43,"column":0},"end":{"line":43,"column":85}},"44":{"start":{"line":45,"column":0},"end":{"line":45,"column":56}},"46":{"start":{"line":47,"column":0},"end":{"line":47,"column":51}},"47":{"start":{"line":48,"column":0},"end":{"line":48,"column":42}},"48":{"start":{"line":49,"column":0},"end":{"line":49,"column":80}},"49":{"start":{"line":50,"column":0},"end":{"line":50,"column":9}},"51":{"start":{"line":52,"column":0},"end":{"line":52,"column":50}},"52":{"start":{"line":53,"column":0},"end":{"line":53,"column":71}},"53":{"start":{"line":54,"column":0},"end":{"line":54,"column":84}},"54":{"start":{"line":55,"column":0},"end":{"line":55,"column":7}},"55":{"start":{"line":56,"column":0},"end":{"line":56,"column":1}},"57":{"start":{"line":58,"column":0},"end":{"line":58,"column":37}},"58":{"start":{"line":59,"column":0},"end":{"line":59,"column":42}},"59":{"start":{"line":60,"column":0},"end":{"line":60,"column":24}},"60":{"start":{"line":61,"column":0},"end":{"line":61,"column":29}},"61":{"start":{"line":62,"column":0},"end":{"line":62,"column":11}},"62":{"start":{"line":63,"column":0},"end":{"line":63,"column":56}},"63":{"start":{"line":64,"column":0},"end":{"line":64,"column":41}},"64":{"start":{"line":65,"column":0},"end":{"line":65,"column":54}},"65":{"start":{"line":66,"column":0},"end":{"line":66,"column":74}},"66":{"start":{"line":67,"column":0},"end":{"line":67,"column":40}},"67":{"start":{"line":68,"column":0},"end":{"line":68,"column":9}},"68":{"start":{"line":69,"column":0},"end":{"line":69,"column":5}},"70":{"start":{"line":71,"column":0},"end":{"line":71,"column":41}},"71":{"start":{"line":72,"column":0},"end":{"line":72,"column":1}}},"s":{"0":1,"1":6656,"2":402,"3":402,"4":6656,"5":0,"6":0,"7":0,"8":0,"9":0,"10":0,"11":6656,"13":1,"14":3281,"15":35,"16":35,"17":35,"18":35,"19":3246,"20":3281,"22":1,"23":17,"24":17,"26":10,"27":10,"28":10,"30":10,"31":10,"33":1,"34":3317,"35":3317,"36":3317,"37":3317,"38":3317,"39":3317,"40":3317,"41":3317,"42":3317,"44":48,"46":3317,"47":35,"48":5,"49":5,"51":35,"52":24,"53":35,"54":3317,"55":3317,"57":1,"58":16,"59":16,"60":16,"61":16,"62":16,"63":16,"64":21,"65":21,"66":7,"67":7,"68":21,"70":16,"71":16},"branchMap":{"0":{"type":"branch","line":1,"loc":{"start":{"line":1,"column":7},"end":{"line":12,"column":1}},"locations":[{"start":{"line":1,"column":7},"end":{"line":12,"column":1}}]},"1":{"type":"branch","line":2,"loc":{"start":{"line":2,"column":16},"end":{"line":5,"column":12}},"locations":[{"start":{"line":2,"column":16},"end":{"line":5,"column":12}}]},"2":{"type":"branch","line":2,"loc":{"start":{"line":2,"column":16},"end":{"line":2,"column":28}},"locations":[{"start":{"line":2,"column":16},"end":{"line":2,"column":28}}]},"3":{"type":"branch","line":2,"loc":{"start":{"line":2,"column":23},"end":{"line":5,"column":12}},"locations":[{"start":{"line":2,"column":23},"end":{"line":5,"column":12}}]},"4":{"type":"branch","line":5,"loc":{"start":{"line":5,"column":4},"end":{"line":11,"column":5}},"locations":[{"start":{"line":5,"column":4},"end":{"line":11,"column":5}}]},"5":{"type":"branch","line":14,"loc":{"start":{"line":14,"column":7},"end":{"line":21,"column":1}},"locations":[{"start":{"line":14,"column":7},"end":{"line":21,"column":1}}]},"6":{"type":"branch","line":15,"loc":{"start":{"line":15,"column":11},"end":{"line":19,"column":28}},"locations":[{"start":{"line":15,"column":11},"end":{"line":19,"column":28}}]},"7":{"type":"branch","line":19,"loc":{"start":{"line":19,"column":27},"end":{"line":20,"column":13}},"locations":[{"start":{"line":19,"column":27},"end":{"line":20,"column":13}}]},"8":{"type":"branch","line":18,"loc":{"start":{"line":18,"column":17},"end":{"line":18,"column":42}},"locations":[{"start":{"line":18,"column":17},"end":{"line":18,"column":42}}]},"9":{"type":"branch","line":23,"loc":{"start":{"line":23,"column":7},"end":{"line":32,"column":1}},"locations":[{"start":{"line":23,"column":7},"end":{"line":32,"column":1}}]},"10":{"type":"branch","line":24,"loc":{"start":{"line":24,"column":25},"end":{"line":24,"column":37}},"locations":[{"start":{"line":24,"column":25},"end":{"line":24,"column":37}}]},"11":{"type":"branch","line":24,"loc":{"start":{"line":24,"column":32},"end":{"line":25,"column":39}},"locations":[{"start":{"line":24,"column":32},"end":{"line":25,"column":39}}]},"12":{"type":"branch","line":25,"loc":{"start":{"line":25,"column":32},"end":{"line":25,"column":58}},"locations":[{"start":{"line":25,"column":32},"end":{"line":25,"column":58}}]},"13":{"type":"branch","line":25,"loc":{"start":{"line":25,"column":50},"end":{"line":32,"column":1}},"locations":[{"start":{"line":25,"column":50},"end":{"line":32,"column":1}}]},"14":{"type":"branch","line":28,"loc":{"start":{"line":28,"column":35},"end":{"line":28,"column":87}},"locations":[{"start":{"line":28,"column":35},"end":{"line":28,"column":87}}]},"15":{"type":"branch","line":34,"loc":{"start":{"line":34,"column":7},"end":{"line":56,"column":1}},"locations":[{"start":{"line":34,"column":7},"end":{"line":56,"column":1}}]},"16":{"type":"branch","line":40,"loc":{"start":{"line":40,"column":17},"end":{"line":40,"column":30}},"locations":[{"start":{"line":40,"column":17},"end":{"line":40,"column":30}}]},"17":{"type":"branch","line":40,"loc":{"start":{"line":40,"column":24},"end":{"line":41,"column":53}},"locations":[{"start":{"line":40,"column":24},"end":{"line":41,"column":53}}]},"18":{"type":"branch","line":41,"loc":{"start":{"line":41,"column":53},"end":{"line":42,"column":88}},"locations":[{"start":{"line":41,"column":53},"end":{"line":42,"column":88}}]},"19":{"type":"branch","line":41,"loc":{"start":{"line":41,"column":53},"end":{"line":41,"column":65}},"locations":[{"start":{"line":41,"column":53},"end":{"line":41,"column":65}}]},"20":{"type":"branch","line":41,"loc":{"start":{"line":41,"column":60},"end":{"line":42,"column":88}},"locations":[{"start":{"line":41,"column":60},"end":{"line":42,"column":88}}]},"21":{"type":"branch","line":42,"loc":{"start":{"line":42,"column":84},"end":{"line":42,"column":93}},"locations":[{"start":{"line":42,"column":84},"end":{"line":42,"column":93}}]},"22":{"type":"branch","line":43,"loc":{"start":{"line":43,"column":8},"end":{"line":43,"column":73}},"locations":[{"start":{"line":43,"column":8},"end":{"line":43,"column":73}}]},"23":{"type":"branch","line":43,"loc":{"start":{"line":43,"column":73},"end":{"line":45,"column":56}},"locations":[{"start":{"line":43,"column":73},"end":{"line":45,"column":56}}]},"24":{"type":"branch","line":43,"loc":{"start":{"line":43,"column":73},"end":{"line":43,"column":85}},"locations":[{"start":{"line":43,"column":73},"end":{"line":43,"column":85}}]},"25":{"type":"branch","line":43,"loc":{"start":{"line":43,"column":80},"end":{"line":45,"column":56}},"locations":[{"start":{"line":43,"column":80},"end":{"line":45,"column":56}}]},"26":{"type":"branch","line":43,"loc":{"start":{"line":43,"column":80},"end":{"line":45,"column":51}},"locations":[{"start":{"line":43,"column":80},"end":{"line":45,"column":51}}]},"27":{"type":"branch","line":45,"loc":{"start":{"line":45,"column":34},"end":{"line":45,"column":56}},"locations":[{"start":{"line":45,"column":34},"end":{"line":45,"column":56}}]},"28":{"type":"branch","line":47,"loc":{"start":{"line":47,"column":31},"end":{"line":55,"column":5}},"locations":[{"start":{"line":47,"column":31},"end":{"line":55,"column":5}}]},"29":{"type":"branch","line":48,"loc":{"start":{"line":48,"column":41},"end":{"line":50,"column":9}},"locations":[{"start":{"line":48,"column":41},"end":{"line":50,"column":9}}]},"30":{"type":"branch","line":49,"loc":{"start":{"line":49,"column":19},"end":{"line":49,"column":80}},"locations":[{"start":{"line":49,"column":19},"end":{"line":49,"column":80}}]},"31":{"type":"branch","line":50,"loc":{"start":{"line":50,"column":8},"end":{"line":52,"column":45}},"locations":[{"start":{"line":50,"column":8},"end":{"line":52,"column":45}}]},"32":{"type":"branch","line":52,"loc":{"start":{"line":52,"column":38},"end":{"line":52,"column":50}},"locations":[{"start":{"line":52,"column":38},"end":{"line":52,"column":50}}]},"33":{"type":"branch","line":52,"loc":{"start":{"line":52,"column":45},"end":{"line":54,"column":78}},"locations":[{"start":{"line":52,"column":45},"end":{"line":54,"column":78}}]},"34":{"type":"branch","line":54,"loc":{"start":{"line":54,"column":52},"end":{"line":54,"column":84}},"locations":[{"start":{"line":54,"column":52},"end":{"line":54,"column":84}}]},"35":{"type":"branch","line":58,"loc":{"start":{"line":58,"column":7},"end":{"line":72,"column":1}},"locations":[{"start":{"line":58,"column":7},"end":{"line":72,"column":1}}]},"36":{"type":"branch","line":64,"loc":{"start":{"line":64,"column":40},"end":{"line":69,"column":5}},"locations":[{"start":{"line":64,"column":40},"end":{"line":69,"column":5}}]},"37":{"type":"branch","line":66,"loc":{"start":{"line":66,"column":73},"end":{"line":68,"column":9}},"locations":[{"start":{"line":66,"column":73},"end":{"line":68,"column":9}}]},"38":{"type":"branch","line":69,"loc":{"start":{"line":69,"column":4},"end":{"line":71,"column":29}},"locations":[{"start":{"line":69,"column":4},"end":{"line":71,"column":29}}]},"39":{"type":"branch","line":71,"loc":{"start":{"line":71,"column":11},"end":{"line":71,"column":41}},"locations":[{"start":{"line":71,"column":11},"end":{"line":71,"column":41}}]}},"b":{"0":[6656],"1":[6634],"2":[6254],"3":[402],"4":[0],"5":[3281],"6":[35],"7":[3246],"8":[47],"9":[17],"10":[2],"11":[15],"12":[5],"13":[10],"14":[22],"15":[3317],"16":[3231],"17":[86],"18":[3239],"19":[58],"20":[28],"21":[0],"22":[28],"23":[102],"24":[0],"25":[48],"26":[28],"27":[21],"28":[35],"29":[5],"30":[3],"31":[30],"32":[6],"33":[24],"34":[0],"35":[16],"36":[21],"37":[7],"38":[9],"39":[1]},"fnMap":{"0":{"name":"normalizeOrigin","decl":{"start":{"line":1,"column":7},"end":{"line":12,"column":1}},"loc":{"start":{"line":1,"column":7},"end":{"line":12,"column":1}},"line":1},"1":{"name":"parseOriginList","decl":{"start":{"line":14,"column":7},"end":{"line":21,"column":1}},"loc":{"start":{"line":14,"column":7},"end":{"line":21,"column":1}},"line":14},"2":{"name":"matchesOriginPattern","decl":{"start":{"line":23,"column":7},"end":{"line":32,"column":1}},"loc":{"start":{"line":23,"column":7},"end":{"line":32,"column":1}},"line":23},"3":{"name":"isAllowedOrigin","decl":{"start":{"line":34,"column":7},"end":{"line":56,"column":1}},"loc":{"start":{"line":34,"column":7},"end":{"line":56,"column":1}},"line":34},"4":{"name":"resolveAllowedOrigin","decl":{"start":{"line":58,"column":7},"end":{"line":72,"column":1}},"loc":{"start":{"line":58,"column":7},"end":{"line":72,"column":1}},"line":58}},"f":{"0":6656,"1":3281,"2":17,"3":3317,"4":16}},"/Users/hirokimukai/Cloudprojects/OpenShelf/apps/api/src/utils/tags.ts":{"path":"/Users/hirokimukai/Cloudprojects/OpenShelf/apps/api/src/utils/tags.ts","all":false,"statementMap":{"0":{"start":{"line":1,"column":0},"end":{"line":1,"column":67}},"1":{"start":{"line":2,"column":0},"end":{"line":2,"column":28}},"2":{"start":{"line":3,"column":0},"end":{"line":3,"column":9}},"3":{"start":{"line":4,"column":0},"end":{"line":4,"column":43}},"4":{"start":{"line":5,"column":0},"end":{"line":5,"column":46}},"5":{"start":{"line":6,"column":0},"end":{"line":6,"column":21}},"6":{"start":{"line":7,"column":0},"end":{"line":7,"column":68}},"7":{"start":{"line":8,"column":0},"end":{"line":8,"column":37}},"8":{"start":{"line":9,"column":0},"end":{"line":9,"column":45}},"9":{"start":{"line":10,"column":0},"end":{"line":10,"column":13}},"10":{"start":{"line":11,"column":0},"end":{"line":11,"column":18}},"11":{"start":{"line":12,"column":0},"end":{"line":12,"column":5}},"12":{"start":{"line":13,"column":0},"end":{"line":13,"column":1}}},"s":{"0":1,"1":125,"2":123,"3":123,"4":125,"5":118,"6":118,"7":118,"8":118,"9":125,"10":2,"11":2,"12":125},"branchMap":{"0":{"type":"branch","line":1,"loc":{"start":{"line":1,"column":7},"end":{"line":13,"column":1}},"locations":[{"start":{"line":1,"column":7},"end":{"line":13,"column":1}}]},"1":{"type":"branch","line":2,"loc":{"start":{"line":2,"column":18},"end":{"line":2,"column":28}},"locations":[{"start":{"line":2,"column":18},"end":{"line":2,"column":28}}]},"2":{"type":"branch","line":2,"loc":{"start":{"line":2,"column":26},"end":{"line":5,"column":43}},"locations":[{"start":{"line":2,"column":26},"end":{"line":5,"column":43}}]},"3":{"type":"branch","line":5,"loc":{"start":{"line":5,"column":36},"end":{"line":5,"column":46}},"locations":[{"start":{"line":5,"column":36},"end":{"line":5,"column":46}}]},"4":{"type":"branch","line":5,"loc":{"start":{"line":5,"column":44},"end":{"line":10,"column":12}},"locations":[{"start":{"line":5,"column":44},"end":{"line":10,"column":12}}]},"5":{"type":"branch","line":10,"loc":{"start":{"line":10,"column":4},"end":{"line":12,"column":5}},"locations":[{"start":{"line":10,"column":4},"end":{"line":12,"column":5}}]},"6":{"type":"branch","line":7,"loc":{"start":{"line":7,"column":20},"end":{"line":7,"column":67}},"locations":[{"start":{"line":7,"column":20},"end":{"line":7,"column":67}}]},"7":{"type":"branch","line":8,"loc":{"start":{"line":8,"column":17},"end":{"line":8,"column":36}},"locations":[{"start":{"line":8,"column":17},"end":{"line":8,"column":36}}]},"8":{"type":"branch","line":9,"loc":{"start":{"line":9,"column":20},"end":{"line":9,"column":43}},"locations":[{"start":{"line":9,"column":20},"end":{"line":9,"column":43}}]}},"b":{"0":[125],"1":[2],"2":[123],"3":[3],"4":[118],"5":[2],"6":[133],"7":[130],"8":[130]},"fnMap":{"0":{"name":"parseStoredTags","decl":{"start":{"line":1,"column":7},"end":{"line":13,"column":1}},"loc":{"start":{"line":1,"column":7},"end":{"line":13,"column":1}},"line":1}},"f":{"0":125}}}}
 % Coverage report from v8
-----------------|---------|----------|---------|---------|---------------------
File             | % Stmts | % Branch | % Funcs | % Lines | Uncovered Line #s   
-----------------|---------|----------|---------|---------|---------------------
All files        |   89.73 |    75.44 |   88.75 |   89.73 |                     
 src             |   97.43 |    94.28 |     100 |   97.43 |                     
  index.ts       |   97.43 |    94.28 |     100 |   97.43 | 32-33               
 src/db          |   85.71 |      100 |      20 |   85.71 |                     
  schema.ts      |   85.71 |      100 |      20 |   85.71 | ...,296-298,325-334 
 src/middleware  |     100 |      100 |     100 |     100 |                     
  auth.ts        |     100 |      100 |     100 |     100 |                     
 src/routes      |   88.31 |    71.44 |   97.61 |   88.31 |                     
  auth.ts        |    98.2 |    94.87 |     100 |    98.2 | 165-166,220-221     
  badge.ts       |    92.3 |    85.18 |     100 |    92.3 | ...,125-126,137-138 
  collections.ts |   84.88 |     62.2 |   93.33 |   84.88 | ...,495-508,543,545 
  feed.ts        |   97.17 |    77.17 |     100 |   97.17 | ...,445-446,499-500 
  invites.ts     |   95.55 |       50 |     100 |   95.55 | 51-52,61-62         
  orgs.ts        |    88.1 |    70.22 |     100 |    88.1 | ...,904-905,914-919 
  papers.ts      |   83.13 |    70.02 |   96.15 |   83.13 | ...1-1552,1566-1567 
  tags.ts        |     100 |     64.7 |     100 |     100 | 29,45,74-75,91-92   
  test-auth.ts   |     100 |      100 |     100 |     100 |                     
  users.ts       |   85.27 |    78.57 |     100 |   85.27 | ...7,90-103,164-165 
 src/test        |   93.89 |    96.42 |   95.45 |   93.89 |                     
  helpers.ts     |   93.89 |    96.42 |   95.45 |   93.89 | ...,133-134,149-151 
 src/utils       |    97.4 |     84.5 |     100 |    97.4 |                     
  badge.ts       |     100 |    98.18 |     100 |     100 | 179                 
  citation.ts    |      97 |       75 |     100 |      97 | 78-79,83-84,115-116 
  file.ts        |   97.89 |    80.45 |     100 |   97.89 | 79-80,152-154       
  origin.ts      |   90.32 |       90 |     100 |   90.32 | 6-11                
  tags.ts        |     100 |      100 |     100 |     100 |                     
-----------------|---------|----------|---------|---------|---------------------
